2020-04-28 18:28:13.681  INFO 1776 --- [main] com.sggc.SteamGroupGamesApplication      : Starting SteamGroupGamesApplication on DESKTOP-EA0JH7O with PID 1776 (started by Toby Peel in C:\Users\Toby Peel\DEV\Java Projects\SteamGroupGameChecker)
2020-04-28 18:28:13.687 DEBUG 1776 --- [main] com.sggc.SteamGroupGamesApplication      : Running with Spring Boot v2.2.4.RELEASE, Spring v5.2.3.RELEASE
2020-04-28 18:28:13.688  INFO 1776 --- [main] com.sggc.SteamGroupGamesApplication      : No active profile set, falling back to default profiles: default
2020-04-28 18:28:14.803  INFO 1776 --- [main] o.apache.catalina.core.StandardService   : Starting service [Tomcat]
2020-04-28 18:28:14.804  INFO 1776 --- [main] org.apache.catalina.core.StandardEngine  : Starting Servlet engine: [Apache Tomcat/9.0.30]
2020-04-28 18:28:14.892  INFO 1776 --- [main] o.a.c.c.C.[Tomcat].[localhost].[/]       : Initializing Spring embedded WebApplicationContext
2020-04-28 18:28:14.968  INFO 1776 --- [main] com.zaxxer.hikari.HikariDataSource       : HikariPool-1 - Starting...
2020-04-28 18:28:15.044  INFO 1776 --- [main] com.zaxxer.hikari.HikariDataSource       : HikariPool-1 - Start completed.
2020-04-28 18:28:15.081  INFO 1776 --- [main] o.hibernate.jpa.internal.util.LogHelper  : HHH000204: Processing PersistenceUnitInfo [name: default]
2020-04-28 18:28:15.138  INFO 1776 --- [main] org.hibernate.Version                    : HHH000412: Hibernate Core {5.4.10.Final}
2020-04-28 18:28:15.241  INFO 1776 --- [main] o.hibernate.annotations.common.Version   : HCANN000001: Hibernate Commons Annotations {5.1.0.Final}
2020-04-28 18:28:15.324  INFO 1776 --- [main] org.hibernate.dialect.Dialect            : HHH000400: Using dialect: org.hibernate.dialect.H2Dialect
2020-04-28 18:28:15.456  INFO 1776 --- [main] o.h.e.t.j.p.i.JtaPlatformInitiator       : HHH000490: Using JtaPlatform implementation: [org.hibernate.engine.transaction.jta.platform.internal.NoJtaPlatform]
2020-04-28 18:28:15.647  INFO 1776 --- [main] org.mongodb.driver.cluster               : Cluster created with settings {hosts=[127.0.0.1:27017], srvHost=sggc-cluster-g1f6o.mongodb.net, mode=MULTIPLE, requiredClusterType=REPLICA_SET, serverSelectionTimeout='30000 ms', maxWaitQueueSize=500, requiredReplicaSetName='SGGC-Cluster-shard-0'}
2020-04-28 18:28:15.669  INFO 1776 --- [cluster-ClusterId{value='5ea867af6a0c9771bc84eab0', description='null'}-srv-sggc-cluster-g1f6o.mongodb.net] org.mongodb.driver.cluster               : Adding discovered server sggc-cluster-shard-00-01-g1f6o.mongodb.net:27017 to client view of cluster
2020-04-28 18:28:15.688  INFO 1776 --- [cluster-ClusterId{value='5ea867af6a0c9771bc84eab0', description='null'}-srv-sggc-cluster-g1f6o.mongodb.net] org.mongodb.driver.cluster               : Adding discovered server sggc-cluster-shard-00-00-g1f6o.mongodb.net:27017 to client view of cluster
2020-04-28 18:28:15.688  INFO 1776 --- [cluster-ClusterId{value='5ea867af6a0c9771bc84eab0', description='null'}-srv-sggc-cluster-g1f6o.mongodb.net] org.mongodb.driver.cluster               : Adding discovered server sggc-cluster-shard-00-02-g1f6o.mongodb.net:27017 to client view of cluster
2020-04-28 18:28:15.933  INFO 1776 --- [cluster-ClusterId{value='5ea867af6a0c9771bc84eab0', description='null'}-sggc-cluster-shard-00-00-g1f6o.mongodb.net:27017] org.mongodb.driver.connection            : Opened connection [connectionId{localValue:2, serverValue:89128}] to sggc-cluster-shard-00-00-g1f6o.mongodb.net:27017
2020-04-28 18:28:15.933  INFO 1776 --- [cluster-ClusterId{value='5ea867af6a0c9771bc84eab0', description='null'}-sggc-cluster-shard-00-01-g1f6o.mongodb.net:27017] org.mongodb.driver.connection            : Opened connection [connectionId{localValue:3, serverValue:87717}] to sggc-cluster-shard-00-01-g1f6o.mongodb.net:27017
2020-04-28 18:28:15.933  INFO 1776 --- [cluster-ClusterId{value='5ea867af6a0c9771bc84eab0', description='null'}-sggc-cluster-shard-00-02-g1f6o.mongodb.net:27017] org.mongodb.driver.connection            : Opened connection [connectionId{localValue:1, serverValue:129613}] to sggc-cluster-shard-00-02-g1f6o.mongodb.net:27017
2020-04-28 18:28:15.974  INFO 1776 --- [cluster-ClusterId{value='5ea867af6a0c9771bc84eab0', description='null'}-sggc-cluster-shard-00-01-g1f6o.mongodb.net:27017] org.mongodb.driver.cluster               : Monitor thread successfully connected to server with description ServerDescription{address=sggc-cluster-shard-00-01-g1f6o.mongodb.net:27017, type=REPLICA_SET_SECONDARY, state=CONNECTED, ok=true, version=ServerVersion{versionList=[4, 2, 6]}, minWireVersion=0, maxWireVersion=8, maxDocumentSize=16777216, logicalSessionTimeoutMinutes=30, roundTripTimeNanos=39996200, setName='SGGC-Cluster-shard-0', canonicalAddress=sggc-cluster-shard-00-01-g1f6o.mongodb.net:27017, hosts=[sggc-cluster-shard-00-00-g1f6o.mongodb.net:27017, sggc-cluster-shard-00-01-g1f6o.mongodb.net:27017, sggc-cluster-shard-00-02-g1f6o.mongodb.net:27017], passives=[], arbiters=[], primary='sggc-cluster-shard-00-02-g1f6o.mongodb.net:27017', tagSet=TagSet{[Tag{name='nodeType', value='ELECTABLE'}, Tag{name='provider', value='AWS'}, Tag{name='region', value='EU_WEST_1'}]}, electionId=null, setVersion=3, lastWriteDate=Tue Apr 28 18:28:07 BST 2020, lastUpdateTimeNanos=190091752317800}
2020-04-28 18:28:15.974  INFO 1776 --- [cluster-ClusterId{value='5ea867af6a0c9771bc84eab0', description='null'}-sggc-cluster-shard-00-00-g1f6o.mongodb.net:27017] org.mongodb.driver.cluster               : Monitor thread successfully connected to server with description ServerDescription{address=sggc-cluster-shard-00-00-g1f6o.mongodb.net:27017, type=REPLICA_SET_SECONDARY, state=CONNECTED, ok=true, version=ServerVersion{versionList=[4, 2, 6]}, minWireVersion=0, maxWireVersion=8, maxDocumentSize=16777216, logicalSessionTimeoutMinutes=30, roundTripTimeNanos=41110000, setName='SGGC-Cluster-shard-0', canonicalAddress=sggc-cluster-shard-00-00-g1f6o.mongodb.net:27017, hosts=[sggc-cluster-shard-00-00-g1f6o.mongodb.net:27017, sggc-cluster-shard-00-01-g1f6o.mongodb.net:27017, sggc-cluster-shard-00-02-g1f6o.mongodb.net:27017], passives=[], arbiters=[], primary='sggc-cluster-shard-00-02-g1f6o.mongodb.net:27017', tagSet=TagSet{[Tag{name='nodeType', value='ELECTABLE'}, Tag{name='provider', value='AWS'}, Tag{name='region', value='EU_WEST_1'}]}, electionId=null, setVersion=3, lastWriteDate=Tue Apr 28 18:28:07 BST 2020, lastUpdateTimeNanos=190091753119200}
2020-04-28 18:28:15.974  INFO 1776 --- [cluster-ClusterId{value='5ea867af6a0c9771bc84eab0', description='null'}-sggc-cluster-shard-00-02-g1f6o.mongodb.net:27017] org.mongodb.driver.cluster               : Monitor thread successfully connected to server with description ServerDescription{address=sggc-cluster-shard-00-02-g1f6o.mongodb.net:27017, type=REPLICA_SET_PRIMARY, state=CONNECTED, ok=true, version=ServerVersion{versionList=[4, 2, 6]}, minWireVersion=0, maxWireVersion=8, maxDocumentSize=16777216, logicalSessionTimeoutMinutes=30, roundTripTimeNanos=41134300, setName='SGGC-Cluster-shard-0', canonicalAddress=sggc-cluster-shard-00-02-g1f6o.mongodb.net:27017, hosts=[sggc-cluster-shard-00-00-g1f6o.mongodb.net:27017, sggc-cluster-shard-00-01-g1f6o.mongodb.net:27017, sggc-cluster-shard-00-02-g1f6o.mongodb.net:27017], passives=[], arbiters=[], primary='sggc-cluster-shard-00-02-g1f6o.mongodb.net:27017', tagSet=TagSet{[Tag{name='nodeType', value='ELECTABLE'}, Tag{name='provider', value='AWS'}, Tag{name='region', value='EU_WEST_1'}]}, electionId=7fffffff0000000000000011, setVersion=3, lastWriteDate=Tue Apr 28 18:28:07 BST 2020, lastUpdateTimeNanos=190091753142600}
2020-04-28 18:28:15.976  INFO 1776 --- [cluster-ClusterId{value='5ea867af6a0c9771bc84eab0', description='null'}-sggc-cluster-shard-00-02-g1f6o.mongodb.net:27017] org.mongodb.driver.cluster               : Setting max election id to 7fffffff0000000000000011 from replica set primary sggc-cluster-shard-00-02-g1f6o.mongodb.net:27017
2020-04-28 18:28:15.976  INFO 1776 --- [cluster-ClusterId{value='5ea867af6a0c9771bc84eab0', description='null'}-sggc-cluster-shard-00-02-g1f6o.mongodb.net:27017] org.mongodb.driver.cluster               : Setting max set version to 3 from replica set primary sggc-cluster-shard-00-02-g1f6o.mongodb.net:27017
2020-04-28 18:28:15.976  INFO 1776 --- [cluster-ClusterId{value='5ea867af6a0c9771bc84eab0', description='null'}-sggc-cluster-shard-00-02-g1f6o.mongodb.net:27017] org.mongodb.driver.cluster               : Discovered replica set primary sggc-cluster-shard-00-02-g1f6o.mongodb.net:27017
2020-04-28 18:28:16.134  INFO 1776 --- [main] pertySourcedRequestMappingHandlerMapping : Mapped URL path [/v2/api-docs] onto method [springfox.documentation.swagger2.web.Swagger2Controller#getDocumentation(String, HttpServletRequest)]
2020-04-28 18:28:16.325  INFO 1776 --- [main] d.s.w.p.DocumentationPluginsBootstrapper : Context refreshed
2020-04-28 18:28:16.335  INFO 1776 --- [main] d.s.w.p.DocumentationPluginsBootstrapper : Found 1 custom documentation plugin(s)
2020-04-28 18:28:16.353  INFO 1776 --- [main] s.d.s.w.s.ApiListingReferenceScanner     : Scanning for api listing references
2020-04-28 18:28:16.384  INFO 1776 --- [main] com.sggc.SteamGroupGamesApplication      : Started SteamGroupGamesApplication in 3.01 seconds (JVM running for 3.86)
2020-04-28 18:29:14.905  INFO 7184 --- [main] com.sggc.SteamGroupGamesApplication      : Starting SteamGroupGamesApplication on DESKTOP-EA0JH7O with PID 7184 (started by Toby Peel in C:\Users\Toby Peel\DEV\Java Projects\SteamGroupGameChecker)
2020-04-28 18:29:14.908 DEBUG 7184 --- [main] com.sggc.SteamGroupGamesApplication      : Running with Spring Boot v2.2.4.RELEASE, Spring v5.2.3.RELEASE
2020-04-28 18:29:14.908  INFO 7184 --- [main] com.sggc.SteamGroupGamesApplication      : No active profile set, falling back to default profiles: default
2020-04-28 18:29:15.931  INFO 7184 --- [main] o.apache.catalina.core.StandardService   : Starting service [Tomcat]
2020-04-28 18:29:15.931  INFO 7184 --- [main] org.apache.catalina.core.StandardEngine  : Starting Servlet engine: [Apache Tomcat/9.0.30]
2020-04-28 18:29:16.016  INFO 7184 --- [main] o.a.c.c.C.[Tomcat].[localhost].[/]       : Initializing Spring embedded WebApplicationContext
2020-04-28 18:29:16.081  INFO 7184 --- [main] com.zaxxer.hikari.HikariDataSource       : HikariPool-1 - Starting...
2020-04-28 18:29:16.144  INFO 7184 --- [main] com.zaxxer.hikari.HikariDataSource       : HikariPool-1 - Start completed.
2020-04-28 18:29:16.179  INFO 7184 --- [main] o.hibernate.jpa.internal.util.LogHelper  : HHH000204: Processing PersistenceUnitInfo [name: default]
2020-04-28 18:29:16.223  INFO 7184 --- [main] org.hibernate.Version                    : HHH000412: Hibernate Core {5.4.10.Final}
2020-04-28 18:29:16.299  INFO 7184 --- [main] o.hibernate.annotations.common.Version   : HCANN000001: Hibernate Commons Annotations {5.1.0.Final}
2020-04-28 18:29:16.366  INFO 7184 --- [main] org.hibernate.dialect.Dialect            : HHH000400: Using dialect: org.hibernate.dialect.H2Dialect
2020-04-28 18:29:16.488  INFO 7184 --- [main] o.h.e.t.j.p.i.JtaPlatformInitiator       : HHH000490: Using JtaPlatform implementation: [org.hibernate.engine.transaction.jta.platform.internal.NoJtaPlatform]
2020-04-28 18:29:16.661  INFO 7184 --- [main] org.mongodb.driver.cluster               : Cluster created with settings {hosts=[127.0.0.1:27017], srvHost=sggc-cluster-g1f6o.mongodb.net, mode=MULTIPLE, requiredClusterType=REPLICA_SET, serverSelectionTimeout='30000 ms', maxWaitQueueSize=500, requiredReplicaSetName='SGGC-Cluster-shard-0'}
2020-04-28 18:29:16.681  INFO 7184 --- [cluster-ClusterId{value='5ea867ecc2ebb6383d297db4', description='null'}-srv-sggc-cluster-g1f6o.mongodb.net] org.mongodb.driver.cluster               : Adding discovered server sggc-cluster-shard-00-00-g1f6o.mongodb.net:27017 to client view of cluster
2020-04-28 18:29:16.697  INFO 7184 --- [cluster-ClusterId{value='5ea867ecc2ebb6383d297db4', description='null'}-srv-sggc-cluster-g1f6o.mongodb.net] org.mongodb.driver.cluster               : Adding discovered server sggc-cluster-shard-00-01-g1f6o.mongodb.net:27017 to client view of cluster
2020-04-28 18:29:16.697  INFO 7184 --- [cluster-ClusterId{value='5ea867ecc2ebb6383d297db4', description='null'}-srv-sggc-cluster-g1f6o.mongodb.net] org.mongodb.driver.cluster               : Adding discovered server sggc-cluster-shard-00-02-g1f6o.mongodb.net:27017 to client view of cluster
2020-04-28 18:29:16.936  INFO 7184 --- [cluster-ClusterId{value='5ea867ecc2ebb6383d297db4', description='null'}-sggc-cluster-shard-00-02-g1f6o.mongodb.net:27017] org.mongodb.driver.connection            : Opened connection [connectionId{localValue:3, serverValue:140631}] to sggc-cluster-shard-00-02-g1f6o.mongodb.net:27017
2020-04-28 18:29:16.936  INFO 7184 --- [cluster-ClusterId{value='5ea867ecc2ebb6383d297db4', description='null'}-sggc-cluster-shard-00-01-g1f6o.mongodb.net:27017] org.mongodb.driver.connection            : Opened connection [connectionId{localValue:1, serverValue:97030}] to sggc-cluster-shard-00-01-g1f6o.mongodb.net:27017
2020-04-28 18:29:16.936  INFO 7184 --- [cluster-ClusterId{value='5ea867ecc2ebb6383d297db4', description='null'}-sggc-cluster-shard-00-00-g1f6o.mongodb.net:27017] org.mongodb.driver.connection            : Opened connection [connectionId{localValue:2, serverValue:89128}] to sggc-cluster-shard-00-00-g1f6o.mongodb.net:27017
2020-04-28 18:29:16.960  INFO 7184 --- [cluster-ClusterId{value='5ea867ecc2ebb6383d297db4', description='null'}-sggc-cluster-shard-00-02-g1f6o.mongodb.net:27017] org.mongodb.driver.cluster               : Monitor thread successfully connected to server with description ServerDescription{address=sggc-cluster-shard-00-02-g1f6o.mongodb.net:27017, type=REPLICA_SET_PRIMARY, state=CONNECTED, ok=true, version=ServerVersion{versionList=[4, 2, 6]}, minWireVersion=0, maxWireVersion=8, maxDocumentSize=16777216, logicalSessionTimeoutMinutes=30, roundTripTimeNanos=23437000, setName='SGGC-Cluster-shard-0', canonicalAddress=sggc-cluster-shard-00-02-g1f6o.mongodb.net:27017, hosts=[sggc-cluster-shard-00-00-g1f6o.mongodb.net:27017, sggc-cluster-shard-00-01-g1f6o.mongodb.net:27017, sggc-cluster-shard-00-02-g1f6o.mongodb.net:27017], passives=[], arbiters=[], primary='sggc-cluster-shard-00-02-g1f6o.mongodb.net:27017', tagSet=TagSet{[Tag{name='nodeType', value='ELECTABLE'}, Tag{name='provider', value='AWS'}, Tag{name='region', value='EU_WEST_1'}]}, electionId=7fffffff0000000000000011, setVersion=3, lastWriteDate=Tue Apr 28 18:29:07 BST 2020, lastUpdateTimeNanos=190152739551000}
2020-04-28 18:29:16.961  INFO 7184 --- [cluster-ClusterId{value='5ea867ecc2ebb6383d297db4', description='null'}-sggc-cluster-shard-00-02-g1f6o.mongodb.net:27017] org.mongodb.driver.cluster               : Setting max election id to 7fffffff0000000000000011 from replica set primary sggc-cluster-shard-00-02-g1f6o.mongodb.net:27017
2020-04-28 18:29:16.962  INFO 7184 --- [cluster-ClusterId{value='5ea867ecc2ebb6383d297db4', description='null'}-sggc-cluster-shard-00-02-g1f6o.mongodb.net:27017] org.mongodb.driver.cluster               : Setting max set version to 3 from replica set primary sggc-cluster-shard-00-02-g1f6o.mongodb.net:27017
2020-04-28 18:29:16.962  INFO 7184 --- [cluster-ClusterId{value='5ea867ecc2ebb6383d297db4', description='null'}-sggc-cluster-shard-00-02-g1f6o.mongodb.net:27017] org.mongodb.driver.cluster               : Discovered replica set primary sggc-cluster-shard-00-02-g1f6o.mongodb.net:27017
2020-04-28 18:29:16.962  INFO 7184 --- [cluster-ClusterId{value='5ea867ecc2ebb6383d297db4', description='null'}-sggc-cluster-shard-00-00-g1f6o.mongodb.net:27017] org.mongodb.driver.cluster               : Monitor thread successfully connected to server with description ServerDescription{address=sggc-cluster-shard-00-00-g1f6o.mongodb.net:27017, type=REPLICA_SET_SECONDARY, state=CONNECTED, ok=true, version=ServerVersion{versionList=[4, 2, 6]}, minWireVersion=0, maxWireVersion=8, maxDocumentSize=16777216, logicalSessionTimeoutMinutes=30, roundTripTimeNanos=25771100, setName='SGGC-Cluster-shard-0', canonicalAddress=sggc-cluster-shard-00-00-g1f6o.mongodb.net:27017, hosts=[sggc-cluster-shard-00-00-g1f6o.mongodb.net:27017, sggc-cluster-shard-00-01-g1f6o.mongodb.net:27017, sggc-cluster-shard-00-02-g1f6o.mongodb.net:27017], passives=[], arbiters=[], primary='sggc-cluster-shard-00-02-g1f6o.mongodb.net:27017', tagSet=TagSet{[Tag{name='nodeType', value='ELECTABLE'}, Tag{name='provider', value='AWS'}, Tag{name='region', value='EU_WEST_1'}]}, electionId=null, setVersion=3, lastWriteDate=Tue Apr 28 18:29:07 BST 2020, lastUpdateTimeNanos=190152741662400}
2020-04-28 18:29:16.962  INFO 7184 --- [cluster-ClusterId{value='5ea867ecc2ebb6383d297db4', description='null'}-sggc-cluster-shard-00-01-g1f6o.mongodb.net:27017] org.mongodb.driver.cluster               : Monitor thread successfully connected to server with description ServerDescription{address=sggc-cluster-shard-00-01-g1f6o.mongodb.net:27017, type=REPLICA_SET_SECONDARY, state=CONNECTED, ok=true, version=ServerVersion{versionList=[4, 2, 6]}, minWireVersion=0, maxWireVersion=8, maxDocumentSize=16777216, logicalSessionTimeoutMinutes=30, roundTripTimeNanos=25770900, setName='SGGC-Cluster-shard-0', canonicalAddress=sggc-cluster-shard-00-01-g1f6o.mongodb.net:27017, hosts=[sggc-cluster-shard-00-00-g1f6o.mongodb.net:27017, sggc-cluster-shard-00-01-g1f6o.mongodb.net:27017, sggc-cluster-shard-00-02-g1f6o.mongodb.net:27017], passives=[], arbiters=[], primary='sggc-cluster-shard-00-02-g1f6o.mongodb.net:27017', tagSet=TagSet{[Tag{name='nodeType', value='ELECTABLE'}, Tag{name='provider', value='AWS'}, Tag{name='region', value='EU_WEST_1'}]}, electionId=null, setVersion=3, lastWriteDate=Tue Apr 28 18:29:07 BST 2020, lastUpdateTimeNanos=190152741662400}
2020-04-28 18:29:17.143  INFO 7184 --- [main] pertySourcedRequestMappingHandlerMapping : Mapped URL path [/v2/api-docs] onto method [springfox.documentation.swagger2.web.Swagger2Controller#getDocumentation(String, HttpServletRequest)]
2020-04-28 18:29:17.591  INFO 7184 --- [main] d.s.w.p.DocumentationPluginsBootstrapper : Context refreshed
2020-04-28 18:29:17.604  INFO 7184 --- [main] d.s.w.p.DocumentationPluginsBootstrapper : Found 1 custom documentation plugin(s)
2020-04-28 18:29:17.630  INFO 7184 --- [main] s.d.s.w.s.ApiListingReferenceScanner     : Scanning for api listing references
2020-04-28 18:29:17.671  INFO 7184 --- [main] com.sggc.SteamGroupGamesApplication      : Started SteamGroupGamesApplication in 3.047 seconds (JVM running for 3.799)
2020-04-28 18:31:58.258  INFO 7184 --- [http-nio-8080-exec-1] o.a.c.c.C.[Tomcat].[localhost].[/]       : Initializing Spring DispatcherServlet 'dispatcherServlet'
2020-04-28 18:31:58.522 ERROR 7184 --- [http-nio-8080-exec-1] c.sggc.controller.SGGCControllerAdvice   : ERROR:

org.springframework.web.bind.MethodArgumentNotValidException: Validation failed for argument [0] in public org.springframework.http.ResponseEntity<java.util.List<com.sggc.models.Game>> com.sggc.controllers.SGGCController.getGamesAllUsersOwn(com.sggc.models.Request) throws java.io.IOException,com.sggc.exceptions.UserHasNoGamesException: [Field error in object 'request' on field 'steamIds[0]': rejected value [765611980452062090]; codes [Pattern.request.steamIds[0],Pattern.request.steamIds,Pattern.steamIds[0],Pattern.steamIds,Pattern.java.lang.String,Pattern]; arguments [org.springframework.context.support.DefaultMessageSourceResolvable: codes [request.steamIds[0],steamIds[0]]; arguments []; default message [steamIds[0]],[Ljavax.validation.constraints.Pattern$Flag;@7cf1d840,^\d{17}$]; default message [is not a valid Steam Id. A valid Steam Id contains 17 numbers only.]]
	at org.springframework.web.servlet.mvc.method.annotation.RequestResponseBodyMethodProcessor.resolveArgument(RequestResponseBodyMethodProcessor.java:139) ~[spring-webmvc-5.2.3.RELEASE.jar:5.2.3.RELEASE]
	at org.springframework.web.method.support.HandlerMethodArgumentResolverComposite.resolveArgument(HandlerMethodArgumentResolverComposite.java:121) ~[spring-web-5.2.3.RELEASE.jar:5.2.3.RELEASE]
	at org.springframework.web.method.support.InvocableHandlerMethod.getMethodArgumentValues(InvocableHandlerMethod.java:167) ~[spring-web-5.2.3.RELEASE.jar:5.2.3.RELEASE]
	at org.springframework.web.method.support.InvocableHandlerMethod.invokeForRequest(InvocableHandlerMethod.java:134) ~[spring-web-5.2.3.RELEASE.jar:5.2.3.RELEASE]
	at org.springframework.web.servlet.mvc.method.annotation.ServletInvocableHandlerMethod.invokeAndHandle(ServletInvocableHandlerMethod.java:106) ~[spring-webmvc-5.2.3.RELEASE.jar:5.2.3.RELEASE]
	at org.springframework.web.servlet.mvc.method.annotation.RequestMappingHandlerAdapter.invokeHandlerMethod(RequestMappingHandlerAdapter.java:888) ~[spring-webmvc-5.2.3.RELEASE.jar:5.2.3.RELEASE]
	at org.springframework.web.servlet.mvc.method.annotation.RequestMappingHandlerAdapter.handleInternal(RequestMappingHandlerAdapter.java:793) ~[spring-webmvc-5.2.3.RELEASE.jar:5.2.3.RELEASE]
	at org.springframework.web.servlet.mvc.method.AbstractHandlerMethodAdapter.handle(AbstractHandlerMethodAdapter.java:87) ~[spring-webmvc-5.2.3.RELEASE.jar:5.2.3.RELEASE]
	at org.springframework.web.servlet.DispatcherServlet.doDispatch(DispatcherServlet.java:1040) ~[spring-webmvc-5.2.3.RELEASE.jar:5.2.3.RELEASE]
	at org.springframework.web.servlet.DispatcherServlet.doService(DispatcherServlet.java:943) ~[spring-webmvc-5.2.3.RELEASE.jar:5.2.3.RELEASE]
	at org.springframework.web.servlet.FrameworkServlet.processRequest(FrameworkServlet.java:1006) ~[spring-webmvc-5.2.3.RELEASE.jar:5.2.3.RELEASE]
	at org.springframework.web.servlet.FrameworkServlet.doPost(FrameworkServlet.java:909) ~[spring-webmvc-5.2.3.RELEASE.jar:5.2.3.RELEASE]
	at javax.servlet.http.HttpServlet.service(HttpServlet.java:660) ~[tomcat-embed-core-9.0.30.jar:9.0.30]
	at org.springframework.web.servlet.FrameworkServlet.service(FrameworkServlet.java:883) ~[spring-webmvc-5.2.3.RELEASE.jar:5.2.3.RELEASE]
	at javax.servlet.http.HttpServlet.service(HttpServlet.java:741) ~[tomcat-embed-core-9.0.30.jar:9.0.30]
	at org.apache.catalina.core.ApplicationFilterChain.internalDoFilter(ApplicationFilterChain.java:231) ~[tomcat-embed-core-9.0.30.jar:9.0.30]
	at org.apache.catalina.core.ApplicationFilterChain.doFilter(ApplicationFilterChain.java:166) ~[tomcat-embed-core-9.0.30.jar:9.0.30]
	at org.apache.tomcat.websocket.server.WsFilter.doFilter(WsFilter.java:53) ~[tomcat-embed-websocket-9.0.30.jar:9.0.30]
	at org.apache.catalina.core.ApplicationFilterChain.internalDoFilter(ApplicationFilterChain.java:193) ~[tomcat-embed-core-9.0.30.jar:9.0.30]
	at org.apache.catalina.core.ApplicationFilterChain.doFilter(ApplicationFilterChain.java:166) ~[tomcat-embed-core-9.0.30.jar:9.0.30]
	at org.springframework.web.filter.RequestContextFilter.doFilterInternal(RequestContextFilter.java:100) ~[spring-web-5.2.3.RELEASE.jar:5.2.3.RELEASE]
	at org.springframework.web.filter.OncePerRequestFilter.doFilter(OncePerRequestFilter.java:119) ~[spring-web-5.2.3.RELEASE.jar:5.2.3.RELEASE]
	at org.apache.catalina.core.ApplicationFilterChain.internalDoFilter(ApplicationFilterChain.java:193) ~[tomcat-embed-core-9.0.30.jar:9.0.30]
	at org.apache.catalina.core.ApplicationFilterChain.doFilter(ApplicationFilterChain.java:166) ~[tomcat-embed-core-9.0.30.jar:9.0.30]
	at org.springframework.web.filter.FormContentFilter.doFilterInternal(FormContentFilter.java:93) ~[spring-web-5.2.3.RELEASE.jar:5.2.3.RELEASE]
	at org.springframework.web.filter.OncePerRequestFilter.doFilter(OncePerRequestFilter.java:119) ~[spring-web-5.2.3.RELEASE.jar:5.2.3.RELEASE]
	at org.apache.catalina.core.ApplicationFilterChain.internalDoFilter(ApplicationFilterChain.java:193) ~[tomcat-embed-core-9.0.30.jar:9.0.30]
	at org.apache.catalina.core.ApplicationFilterChain.doFilter(ApplicationFilterChain.java:166) ~[tomcat-embed-core-9.0.30.jar:9.0.30]
	at org.springframework.web.filter.CharacterEncodingFilter.doFilterInternal(CharacterEncodingFilter.java:201) ~[spring-web-5.2.3.RELEASE.jar:5.2.3.RELEASE]
	at org.springframework.web.filter.OncePerRequestFilter.doFilter(OncePerRequestFilter.java:119) ~[spring-web-5.2.3.RELEASE.jar:5.2.3.RELEASE]
	at org.apache.catalina.core.ApplicationFilterChain.internalDoFilter(ApplicationFilterChain.java:193) ~[tomcat-embed-core-9.0.30.jar:9.0.30]
	at org.apache.catalina.core.ApplicationFilterChain.doFilter(ApplicationFilterChain.java:166) ~[tomcat-embed-core-9.0.30.jar:9.0.30]
	at org.apache.catalina.core.StandardWrapperValve.invoke(StandardWrapperValve.java:202) ~[tomcat-embed-core-9.0.30.jar:9.0.30]
	at org.apache.catalina.core.StandardContextValve.invoke(StandardContextValve.java:96) ~[tomcat-embed-core-9.0.30.jar:9.0.30]
	at org.apache.catalina.authenticator.AuthenticatorBase.invoke(AuthenticatorBase.java:541) ~[tomcat-embed-core-9.0.30.jar:9.0.30]
	at org.apache.catalina.core.StandardHostValve.invoke(StandardHostValve.java:139) ~[tomcat-embed-core-9.0.30.jar:9.0.30]
	at org.apache.catalina.valves.ErrorReportValve.invoke(ErrorReportValve.java:92) ~[tomcat-embed-core-9.0.30.jar:9.0.30]
	at org.apache.catalina.core.StandardEngineValve.invoke(StandardEngineValve.java:74) ~[tomcat-embed-core-9.0.30.jar:9.0.30]
	at org.apache.catalina.connector.CoyoteAdapter.service(CoyoteAdapter.java:343) ~[tomcat-embed-core-9.0.30.jar:9.0.30]
	at org.apache.coyote.http11.Http11Processor.service(Http11Processor.java:367) ~[tomcat-embed-core-9.0.30.jar:9.0.30]
	at org.apache.coyote.AbstractProcessorLight.process(AbstractProcessorLight.java:65) ~[tomcat-embed-core-9.0.30.jar:9.0.30]
	at org.apache.coyote.AbstractProtocol$ConnectionHandler.process(AbstractProtocol.java:860) ~[tomcat-embed-core-9.0.30.jar:9.0.30]
	at org.apache.tomcat.util.net.NioEndpoint$SocketProcessor.doRun(NioEndpoint.java:1598) ~[tomcat-embed-core-9.0.30.jar:9.0.30]
	at org.apache.tomcat.util.net.SocketProcessorBase.run(SocketProcessorBase.java:49) ~[tomcat-embed-core-9.0.30.jar:9.0.30]
	at java.base/java.util.concurrent.ThreadPoolExecutor.runWorker(ThreadPoolExecutor.java:1128) ~[na:na]
	at java.base/java.util.concurrent.ThreadPoolExecutor$Worker.run(ThreadPoolExecutor.java:628) ~[na:na]
	at org.apache.tomcat.util.threads.TaskThread$WrappingRunnable.run(TaskThread.java:61) ~[tomcat-embed-core-9.0.30.jar:9.0.30]
	at java.base/java.lang.Thread.run(Thread.java:834) ~[na:na]

2020-04-28 18:32:14.154 DEBUG 7184 --- [http-nio-8080-exec-2] com.sggc.services.UserService             : Attempting to find user with id: 76561198045206220
2020-04-28 18:32:14.452  INFO 7184 --- [http-nio-8080-exec-2] org.mongodb.driver.connection            : Opened connection [connectionId{localValue:4, serverValue:129613}] to sggc-cluster-shard-00-02-g1f6o.mongodb.net:27017
2020-04-28 18:32:14.491 DEBUG 7184 --- [http-nio-8080-exec-2] com.sggc.services.UserService             : User with matching id hasnt been found in Mongo Repo, will request details from Steam API
2020-04-28 18:32:14.492 DEBUG 7184 --- [http-nio-8080-exec-2] com.sggc.services.UserService             : Contacting https://api.steampowered.com/IPlayerService/GetOwnedGames/v1/?key=B88AF6D15A99EF5A4E01075EF63E5DF2&steamid=76561198045206220 to get owned games of user 76561198045206220
2020-04-28 18:32:14.929 ERROR 7184 --- [http-nio-8080-exec-2] c.sggc.controller.SGGCControllerAdvice   : ERROR:

com.sggc.exceptions.UserHasNoGamesException: null
	at com.sggc.util.GsonParser.parseUserGameList(GsonParser.java:47) ~[classes/:na]
	at com.sggc.services.UserService.getUsersOwnedGameIds(UserService.java:67) ~[classes/:na]
	at findUsersGameIdsByUserId(UserService.java:37) ~[classes/:na]
	at com.sggc.services.UserService.getIdsOfGamesOwnedByAllUsers(UserService.java:53) ~[classes/:na]
	at com.sggc.controllers.SGGCController.getGamesAllUsersOwn(SGGCController.java:36) ~[classes/:na]
	at java.base/jdk.internal.reflect.NativeMethodAccessorImpl.invoke0(Native Method) ~[na:na]
	at java.base/jdk.internal.reflect.NativeMethodAccessorImpl.invoke(NativeMethodAccessorImpl.java:62) ~[na:na]
	at java.base/jdk.internal.reflect.DelegatingMethodAccessorImpl.invoke(DelegatingMethodAccessorImpl.java:43) ~[na:na]
	at java.base/java.lang.reflect.Method.invoke(Method.java:566) ~[na:na]
	at org.springframework.web.method.support.InvocableHandlerMethod.doInvoke(InvocableHandlerMethod.java:190) ~[spring-web-5.2.3.RELEASE.jar:5.2.3.RELEASE]
	at org.springframework.web.method.support.InvocableHandlerMethod.invokeForRequest(InvocableHandlerMethod.java:138) ~[spring-web-5.2.3.RELEASE.jar:5.2.3.RELEASE]
	at org.springframework.web.servlet.mvc.method.annotation.ServletInvocableHandlerMethod.invokeAndHandle(ServletInvocableHandlerMethod.java:106) ~[spring-webmvc-5.2.3.RELEASE.jar:5.2.3.RELEASE]
	at org.springframework.web.servlet.mvc.method.annotation.RequestMappingHandlerAdapter.invokeHandlerMethod(RequestMappingHandlerAdapter.java:888) ~[spring-webmvc-5.2.3.RELEASE.jar:5.2.3.RELEASE]
	at org.springframework.web.servlet.mvc.method.annotation.RequestMappingHandlerAdapter.handleInternal(RequestMappingHandlerAdapter.java:793) ~[spring-webmvc-5.2.3.RELEASE.jar:5.2.3.RELEASE]
	at org.springframework.web.servlet.mvc.method.AbstractHandlerMethodAdapter.handle(AbstractHandlerMethodAdapter.java:87) ~[spring-webmvc-5.2.3.RELEASE.jar:5.2.3.RELEASE]
	at org.springframework.web.servlet.DispatcherServlet.doDispatch(DispatcherServlet.java:1040) ~[spring-webmvc-5.2.3.RELEASE.jar:5.2.3.RELEASE]
	at org.springframework.web.servlet.DispatcherServlet.doService(DispatcherServlet.java:943) ~[spring-webmvc-5.2.3.RELEASE.jar:5.2.3.RELEASE]
	at org.springframework.web.servlet.FrameworkServlet.processRequest(FrameworkServlet.java:1006) ~[spring-webmvc-5.2.3.RELEASE.jar:5.2.3.RELEASE]
	at org.springframework.web.servlet.FrameworkServlet.doPost(FrameworkServlet.java:909) ~[spring-webmvc-5.2.3.RELEASE.jar:5.2.3.RELEASE]
	at javax.servlet.http.HttpServlet.service(HttpServlet.java:660) ~[tomcat-embed-core-9.0.30.jar:9.0.30]
	at org.springframework.web.servlet.FrameworkServlet.service(FrameworkServlet.java:883) ~[spring-webmvc-5.2.3.RELEASE.jar:5.2.3.RELEASE]
	at javax.servlet.http.HttpServlet.service(HttpServlet.java:741) ~[tomcat-embed-core-9.0.30.jar:9.0.30]
	at org.apache.catalina.core.ApplicationFilterChain.internalDoFilter(ApplicationFilterChain.java:231) ~[tomcat-embed-core-9.0.30.jar:9.0.30]
	at org.apache.catalina.core.ApplicationFilterChain.doFilter(ApplicationFilterChain.java:166) ~[tomcat-embed-core-9.0.30.jar:9.0.30]
	at org.apache.tomcat.websocket.server.WsFilter.doFilter(WsFilter.java:53) ~[tomcat-embed-websocket-9.0.30.jar:9.0.30]
	at org.apache.catalina.core.ApplicationFilterChain.internalDoFilter(ApplicationFilterChain.java:193) ~[tomcat-embed-core-9.0.30.jar:9.0.30]
	at org.apache.catalina.core.ApplicationFilterChain.doFilter(ApplicationFilterChain.java:166) ~[tomcat-embed-core-9.0.30.jar:9.0.30]
	at org.springframework.web.filter.RequestContextFilter.doFilterInternal(RequestContextFilter.java:100) ~[spring-web-5.2.3.RELEASE.jar:5.2.3.RELEASE]
	at org.springframework.web.filter.OncePerRequestFilter.doFilter(OncePerRequestFilter.java:119) ~[spring-web-5.2.3.RELEASE.jar:5.2.3.RELEASE]
	at org.apache.catalina.core.ApplicationFilterChain.internalDoFilter(ApplicationFilterChain.java:193) ~[tomcat-embed-core-9.0.30.jar:9.0.30]
	at org.apache.catalina.core.ApplicationFilterChain.doFilter(ApplicationFilterChain.java:166) ~[tomcat-embed-core-9.0.30.jar:9.0.30]
	at org.springframework.web.filter.FormContentFilter.doFilterInternal(FormContentFilter.java:93) ~[spring-web-5.2.3.RELEASE.jar:5.2.3.RELEASE]
	at org.springframework.web.filter.OncePerRequestFilter.doFilter(OncePerRequestFilter.java:119) ~[spring-web-5.2.3.RELEASE.jar:5.2.3.RELEASE]
	at org.apache.catalina.core.ApplicationFilterChain.internalDoFilter(ApplicationFilterChain.java:193) ~[tomcat-embed-core-9.0.30.jar:9.0.30]
	at org.apache.catalina.core.ApplicationFilterChain.doFilter(ApplicationFilterChain.java:166) ~[tomcat-embed-core-9.0.30.jar:9.0.30]
	at org.springframework.web.filter.CharacterEncodingFilter.doFilterInternal(CharacterEncodingFilter.java:201) ~[spring-web-5.2.3.RELEASE.jar:5.2.3.RELEASE]
	at org.springframework.web.filter.OncePerRequestFilter.doFilter(OncePerRequestFilter.java:119) ~[spring-web-5.2.3.RELEASE.jar:5.2.3.RELEASE]
	at org.apache.catalina.core.ApplicationFilterChain.internalDoFilter(ApplicationFilterChain.java:193) ~[tomcat-embed-core-9.0.30.jar:9.0.30]
	at org.apache.catalina.core.ApplicationFilterChain.doFilter(ApplicationFilterChain.java:166) ~[tomcat-embed-core-9.0.30.jar:9.0.30]
	at org.apache.catalina.core.StandardWrapperValve.invoke(StandardWrapperValve.java:202) ~[tomcat-embed-core-9.0.30.jar:9.0.30]
	at org.apache.catalina.core.StandardContextValve.invoke(StandardContextValve.java:96) ~[tomcat-embed-core-9.0.30.jar:9.0.30]
	at org.apache.catalina.authenticator.AuthenticatorBase.invoke(AuthenticatorBase.java:541) ~[tomcat-embed-core-9.0.30.jar:9.0.30]
	at org.apache.catalina.core.StandardHostValve.invoke(StandardHostValve.java:139) ~[tomcat-embed-core-9.0.30.jar:9.0.30]
	at org.apache.catalina.valves.ErrorReportValve.invoke(ErrorReportValve.java:92) ~[tomcat-embed-core-9.0.30.jar:9.0.30]
	at org.apache.catalina.core.StandardEngineValve.invoke(StandardEngineValve.java:74) ~[tomcat-embed-core-9.0.30.jar:9.0.30]
	at org.apache.catalina.connector.CoyoteAdapter.service(CoyoteAdapter.java:343) ~[tomcat-embed-core-9.0.30.jar:9.0.30]
	at org.apache.coyote.http11.Http11Processor.service(Http11Processor.java:367) ~[tomcat-embed-core-9.0.30.jar:9.0.30]
	at org.apache.coyote.AbstractProcessorLight.process(AbstractProcessorLight.java:65) ~[tomcat-embed-core-9.0.30.jar:9.0.30]
	at org.apache.coyote.AbstractProtocol$ConnectionHandler.process(AbstractProtocol.java:860) ~[tomcat-embed-core-9.0.30.jar:9.0.30]
	at org.apache.tomcat.util.net.NioEndpoint$SocketProcessor.doRun(NioEndpoint.java:1598) ~[tomcat-embed-core-9.0.30.jar:9.0.30]
	at org.apache.tomcat.util.net.SocketProcessorBase.run(SocketProcessorBase.java:49) ~[tomcat-embed-core-9.0.30.jar:9.0.30]
	at java.base/java.util.concurrent.ThreadPoolExecutor.runWorker(ThreadPoolExecutor.java:1128) ~[na:na]
	at java.base/java.util.concurrent.ThreadPoolExecutor$Worker.run(ThreadPoolExecutor.java:628) ~[na:na]
	at org.apache.tomcat.util.threads.TaskThread$WrappingRunnable.run(TaskThread.java:61) ~[tomcat-embed-core-9.0.30.jar:9.0.30]
	at java.base/java.lang.Thread.run(Thread.java:834) ~[na:na]

2020-04-28 18:32:30.411 DEBUG 7184 --- [http-nio-8080-exec-3] com.sggc.services.UserService             : Attempting to find user with id: 76561198045206229
2020-04-28 18:32:30.455 DEBUG 7184 --- [http-nio-8080-exec-3] com.sggc.services.UserService             : User with matching id has been found in Mongo Repo
2020-04-28 18:32:30.481 DEBUG 7184 --- [http-nio-8080-exec-3] com.sggc.services.UserService             : Attempting to find user with id: 76561198045206228
2020-04-28 18:32:30.502 DEBUG 7184 --- [http-nio-8080-exec-3] com.sggc.services.UserService             : User with matching id hasnt been found in Mongo Repo, will request details from Steam API
2020-04-28 18:32:30.502 DEBUG 7184 --- [http-nio-8080-exec-3] com.sggc.services.UserService             : Contacting https://api.steampowered.com/IPlayerService/GetOwnedGames/v1/?key=B88AF6D15A99EF5A4E01075EF63E5DF2&steamid=76561198045206228 to get owned games of user 76561198045206228
2020-04-28 18:32:30.802 ERROR 7184 --- [http-nio-8080-exec-3] c.sggc.controller.SGGCControllerAdvice   : ERROR:

com.sggc.exceptions.UserHasNoGamesException: null
	at com.sggc.util.GsonParser.parseUserGameList(GsonParser.java:47) ~[classes/:na]
	at com.sggc.services.UserService.getUsersOwnedGameIds(UserService.java:67) ~[classes/:na]
	at findUsersGameIdsByUserId(UserService.java:37) ~[classes/:na]
	at com.sggc.services.UserService.getIdsOfGamesOwnedByAllUsers(UserService.java:53) ~[classes/:na]
	at com.sggc.controllers.SGGCController.getGamesAllUsersOwn(SGGCController.java:36) ~[classes/:na]
	at java.base/jdk.internal.reflect.NativeMethodAccessorImpl.invoke0(Native Method) ~[na:na]
	at java.base/jdk.internal.reflect.NativeMethodAccessorImpl.invoke(NativeMethodAccessorImpl.java:62) ~[na:na]
	at java.base/jdk.internal.reflect.DelegatingMethodAccessorImpl.invoke(DelegatingMethodAccessorImpl.java:43) ~[na:na]
	at java.base/java.lang.reflect.Method.invoke(Method.java:566) ~[na:na]
	at org.springframework.web.method.support.InvocableHandlerMethod.doInvoke(InvocableHandlerMethod.java:190) ~[spring-web-5.2.3.RELEASE.jar:5.2.3.RELEASE]
	at org.springframework.web.method.support.InvocableHandlerMethod.invokeForRequest(InvocableHandlerMethod.java:138) ~[spring-web-5.2.3.RELEASE.jar:5.2.3.RELEASE]
	at org.springframework.web.servlet.mvc.method.annotation.ServletInvocableHandlerMethod.invokeAndHandle(ServletInvocableHandlerMethod.java:106) ~[spring-webmvc-5.2.3.RELEASE.jar:5.2.3.RELEASE]
	at org.springframework.web.servlet.mvc.method.annotation.RequestMappingHandlerAdapter.invokeHandlerMethod(RequestMappingHandlerAdapter.java:888) ~[spring-webmvc-5.2.3.RELEASE.jar:5.2.3.RELEASE]
	at org.springframework.web.servlet.mvc.method.annotation.RequestMappingHandlerAdapter.handleInternal(RequestMappingHandlerAdapter.java:793) ~[spring-webmvc-5.2.3.RELEASE.jar:5.2.3.RELEASE]
	at org.springframework.web.servlet.mvc.method.AbstractHandlerMethodAdapter.handle(AbstractHandlerMethodAdapter.java:87) ~[spring-webmvc-5.2.3.RELEASE.jar:5.2.3.RELEASE]
	at org.springframework.web.servlet.DispatcherServlet.doDispatch(DispatcherServlet.java:1040) ~[spring-webmvc-5.2.3.RELEASE.jar:5.2.3.RELEASE]
	at org.springframework.web.servlet.DispatcherServlet.doService(DispatcherServlet.java:943) ~[spring-webmvc-5.2.3.RELEASE.jar:5.2.3.RELEASE]
	at org.springframework.web.servlet.FrameworkServlet.processRequest(FrameworkServlet.java:1006) ~[spring-webmvc-5.2.3.RELEASE.jar:5.2.3.RELEASE]
	at org.springframework.web.servlet.FrameworkServlet.doPost(FrameworkServlet.java:909) ~[spring-webmvc-5.2.3.RELEASE.jar:5.2.3.RELEASE]
	at javax.servlet.http.HttpServlet.service(HttpServlet.java:660) ~[tomcat-embed-core-9.0.30.jar:9.0.30]
	at org.springframework.web.servlet.FrameworkServlet.service(FrameworkServlet.java:883) ~[spring-webmvc-5.2.3.RELEASE.jar:5.2.3.RELEASE]
	at javax.servlet.http.HttpServlet.service(HttpServlet.java:741) ~[tomcat-embed-core-9.0.30.jar:9.0.30]
	at org.apache.catalina.core.ApplicationFilterChain.internalDoFilter(ApplicationFilterChain.java:231) ~[tomcat-embed-core-9.0.30.jar:9.0.30]
	at org.apache.catalina.core.ApplicationFilterChain.doFilter(ApplicationFilterChain.java:166) ~[tomcat-embed-core-9.0.30.jar:9.0.30]
	at org.apache.tomcat.websocket.server.WsFilter.doFilter(WsFilter.java:53) ~[tomcat-embed-websocket-9.0.30.jar:9.0.30]
	at org.apache.catalina.core.ApplicationFilterChain.internalDoFilter(ApplicationFilterChain.java:193) ~[tomcat-embed-core-9.0.30.jar:9.0.30]
	at org.apache.catalina.core.ApplicationFilterChain.doFilter(ApplicationFilterChain.java:166) ~[tomcat-embed-core-9.0.30.jar:9.0.30]
	at org.springframework.web.filter.RequestContextFilter.doFilterInternal(RequestContextFilter.java:100) ~[spring-web-5.2.3.RELEASE.jar:5.2.3.RELEASE]
	at org.springframework.web.filter.OncePerRequestFilter.doFilter(OncePerRequestFilter.java:119) ~[spring-web-5.2.3.RELEASE.jar:5.2.3.RELEASE]
	at org.apache.catalina.core.ApplicationFilterChain.internalDoFilter(ApplicationFilterChain.java:193) ~[tomcat-embed-core-9.0.30.jar:9.0.30]
	at org.apache.catalina.core.ApplicationFilterChain.doFilter(ApplicationFilterChain.java:166) ~[tomcat-embed-core-9.0.30.jar:9.0.30]
	at org.springframework.web.filter.FormContentFilter.doFilterInternal(FormContentFilter.java:93) ~[spring-web-5.2.3.RELEASE.jar:5.2.3.RELEASE]
	at org.springframework.web.filter.OncePerRequestFilter.doFilter(OncePerRequestFilter.java:119) ~[spring-web-5.2.3.RELEASE.jar:5.2.3.RELEASE]
	at org.apache.catalina.core.ApplicationFilterChain.internalDoFilter(ApplicationFilterChain.java:193) ~[tomcat-embed-core-9.0.30.jar:9.0.30]
	at org.apache.catalina.core.ApplicationFilterChain.doFilter(ApplicationFilterChain.java:166) ~[tomcat-embed-core-9.0.30.jar:9.0.30]
	at org.springframework.web.filter.CharacterEncodingFilter.doFilterInternal(CharacterEncodingFilter.java:201) ~[spring-web-5.2.3.RELEASE.jar:5.2.3.RELEASE]
	at org.springframework.web.filter.OncePerRequestFilter.doFilter(OncePerRequestFilter.java:119) ~[spring-web-5.2.3.RELEASE.jar:5.2.3.RELEASE]
	at org.apache.catalina.core.ApplicationFilterChain.internalDoFilter(ApplicationFilterChain.java:193) ~[tomcat-embed-core-9.0.30.jar:9.0.30]
	at org.apache.catalina.core.ApplicationFilterChain.doFilter(ApplicationFilterChain.java:166) ~[tomcat-embed-core-9.0.30.jar:9.0.30]
	at org.apache.catalina.core.StandardWrapperValve.invoke(StandardWrapperValve.java:202) ~[tomcat-embed-core-9.0.30.jar:9.0.30]
	at org.apache.catalina.core.StandardContextValve.invoke(StandardContextValve.java:96) ~[tomcat-embed-core-9.0.30.jar:9.0.30]
	at org.apache.catalina.authenticator.AuthenticatorBase.invoke(AuthenticatorBase.java:541) ~[tomcat-embed-core-9.0.30.jar:9.0.30]
	at org.apache.catalina.core.StandardHostValve.invoke(StandardHostValve.java:139) ~[tomcat-embed-core-9.0.30.jar:9.0.30]
	at org.apache.catalina.valves.ErrorReportValve.invoke(ErrorReportValve.java:92) ~[tomcat-embed-core-9.0.30.jar:9.0.30]
	at org.apache.catalina.core.StandardEngineValve.invoke(StandardEngineValve.java:74) ~[tomcat-embed-core-9.0.30.jar:9.0.30]
	at org.apache.catalina.connector.CoyoteAdapter.service(CoyoteAdapter.java:343) ~[tomcat-embed-core-9.0.30.jar:9.0.30]
	at org.apache.coyote.http11.Http11Processor.service(Http11Processor.java:367) ~[tomcat-embed-core-9.0.30.jar:9.0.30]
	at org.apache.coyote.AbstractProcessorLight.process(AbstractProcessorLight.java:65) ~[tomcat-embed-core-9.0.30.jar:9.0.30]
	at org.apache.coyote.AbstractProtocol$ConnectionHandler.process(AbstractProtocol.java:860) ~[tomcat-embed-core-9.0.30.jar:9.0.30]
	at org.apache.tomcat.util.net.NioEndpoint$SocketProcessor.doRun(NioEndpoint.java:1598) ~[tomcat-embed-core-9.0.30.jar:9.0.30]
	at org.apache.tomcat.util.net.SocketProcessorBase.run(SocketProcessorBase.java:49) ~[tomcat-embed-core-9.0.30.jar:9.0.30]
	at java.base/java.util.concurrent.ThreadPoolExecutor.runWorker(ThreadPoolExecutor.java:1128) ~[na:na]
	at java.base/java.util.concurrent.ThreadPoolExecutor$Worker.run(ThreadPoolExecutor.java:628) ~[na:na]
	at org.apache.tomcat.util.threads.TaskThread$WrappingRunnable.run(TaskThread.java:61) ~[tomcat-embed-core-9.0.30.jar:9.0.30]
	at java.base/java.lang.Thread.run(Thread.java:834) ~[na:na]

2020-04-28 18:32:54.087 DEBUG 7184 --- [http-nio-8080-exec-4] com.sggc.services.UserService             : Attempting to find user with id: 76561198045206229
2020-04-28 18:32:54.116 DEBUG 7184 --- [http-nio-8080-exec-4] com.sggc.services.UserService             : User with matching id has been found in Mongo Repo
2020-04-28 18:32:54.143 DEBUG 7184 --- [http-nio-8080-exec-4] com.sggc.services.UserService             : Attempting to find user with id: 76561198014258751
2020-04-28 18:32:54.166 DEBUG 7184 --- [http-nio-8080-exec-4] com.sggc.services.UserService             : User with matching id has been found in Mongo Repo
