2020-03-25 18:13:27.128  INFO 16844 --- [SpringContextShutdownHook] o.s.s.concurrent.ThreadPoolTaskExecutor  : Shutting down ExecutorService 'applicationTaskExecutor'
2020-03-25 18:13:27.150  INFO 16844 --- [SpringContextShutdownHook] org.mongodb.driver.connection            : Closed connection [connectionId{localValue:4, serverValue:1579147}] to sggc-cluster-shard-00-02-g1f6o.mongodb.net:27017 because the pool has been closed.
2020-03-25 18:13:27.151  INFO 16844 --- [SpringContextShutdownHook] j.LocalContainerEntityManagerFactoryBean : Closing JPA EntityManagerFactory for persistence unit 'default'
2020-03-25 18:13:27.152  INFO 16844 --- [SpringContextShutdownHook] .SchemaDropperImpl$DelayedDropActionImpl : HHH000477: Starting delayed evictData of schema as part of SessionFactory shut-down'
2020-03-25 18:13:27.154  INFO 16844 --- [SpringContextShutdownHook] com.zaxxer.hikari.HikariDataSource       : HikariPool-1 - Shutdown initiated...
2020-03-25 18:13:27.157  INFO 16844 --- [SpringContextShutdownHook] com.zaxxer.hikari.HikariDataSource       : HikariPool-1 - Shutdown completed.
2020-03-25 18:14:19.980  INFO 6768 --- [main] com.sggc.app.SteamGroupGamesApplication  : Starting SteamGroupGamesApplication on DESKTOP-EA0JH7O with PID 6768 (started by Toby Peel in C:\Users\Toby Peel\DEV\Java Projects\SteamGroupGameChecker)
2020-03-25 18:14:19.983  INFO 6768 --- [main] com.sggc.app.SteamGroupGamesApplication  : No active profile set, falling back to default profiles: default
2020-03-25 18:14:20.981  INFO 6768 --- [main] .s.d.r.c.RepositoryConfigurationDelegate : Multiple Spring Data modules found, entering strict repository configuration mode!
2020-03-25 18:14:20.981  INFO 6768 --- [main] .s.d.r.c.RepositoryConfigurationDelegate : Bootstrapping Spring Data JPA repositories in DEFAULT mode.
2020-03-25 18:14:21.137  INFO 6768 --- [main] .RepositoryConfigurationExtensionSupport : Spring Data JPA - Could not safely identify store assignment for repository candidate interface com.sggc.app.repository.GameRepository. If you want this repository to be a JPA repository, consider annotating your entities with one of these annotations: javax.persistence.Entity, javax.persistence.MappedSuperclass (preferred), or consider extending one of the following types with your repository: org.springframework.data.jpa.repository.JpaRepository.
2020-03-25 18:14:21.141  INFO 6768 --- [main] .RepositoryConfigurationExtensionSupport : Spring Data JPA - Could not safely identify store assignment for repository candidate interface com.sggc.app.repository.UserRepository. If you want this repository to be a JPA repository, consider annotating your entities with one of these annotations: javax.persistence.Entity, javax.persistence.MappedSuperclass (preferred), or consider extending one of the following types with your repository: org.springframework.data.jpa.repository.JpaRepository.
2020-03-25 18:14:21.141  INFO 6768 --- [main] .s.d.r.c.RepositoryConfigurationDelegate : Finished Spring Data repository scanning in 151ms. Found 0 JPA repository interfaces.
2020-03-25 18:14:21.161  INFO 6768 --- [main] .s.d.r.c.RepositoryConfigurationDelegate : Multiple Spring Data modules found, entering strict repository configuration mode!
2020-03-25 18:14:21.161  INFO 6768 --- [main] .s.d.r.c.RepositoryConfigurationDelegate : Bootstrapping Spring Data MongoDB repositories in DEFAULT mode.
2020-03-25 18:14:21.192  INFO 6768 --- [main] .s.d.r.c.RepositoryConfigurationDelegate : Finished Spring Data repository scanning in 30ms. Found 2 MongoDB repository interfaces.
2020-03-25 18:14:21.399  INFO 6768 --- [main] trationDelegate$BeanPostProcessorChecker : Bean 'org.springframework.transaction.annotation.ProxyTransactionManagementConfiguration' of type [org.springframework.transaction.annotation.ProxyTransactionManagementConfiguration] is not eligible for getting processed by all BeanPostProcessors (for example: not eligible for auto-proxying)
2020-03-25 18:14:21.546  INFO 6768 --- [main] o.s.b.w.embedded.tomcat.TomcatWebServer  : Tomcat initialized with port(s): 8020 (http)
2020-03-25 18:14:21.551  INFO 6768 --- [main] o.apache.catalina.core.StandardService   : Starting service [Tomcat]
2020-03-25 18:14:21.552  INFO 6768 --- [main] org.apache.catalina.core.StandardEngine  : Starting Servlet engine: [Apache Tomcat/9.0.30]
2020-03-25 18:14:21.666  INFO 6768 --- [main] o.a.c.c.C.[Tomcat].[localhost].[/]       : Initializing Spring embedded WebApplicationContext
2020-03-25 18:14:21.666  INFO 6768 --- [main] o.s.web.context.ContextLoader            : Root WebApplicationContext: initialization completed in 1654 ms
2020-03-25 18:14:21.738  INFO 6768 --- [main] com.zaxxer.hikari.HikariDataSource       : HikariPool-1 - Starting...
2020-03-25 18:14:21.806  INFO 6768 --- [main] com.zaxxer.hikari.HikariDataSource       : HikariPool-1 - Start completed.
2020-03-25 18:14:21.841  INFO 6768 --- [main] o.hibernate.jpa.internal.util.LogHelper  : HHH000204: Processing PersistenceUnitInfo [name: default]
2020-03-25 18:14:21.894  INFO 6768 --- [main] org.hibernate.Version                    : HHH000412: Hibernate Core {5.4.10.Final}
2020-03-25 18:14:21.979  INFO 6768 --- [main] o.hibernate.annotations.common.Version   : HCANN000001: Hibernate Commons Annotations {5.1.0.Final}
2020-03-25 18:14:22.088  INFO 6768 --- [main] org.hibernate.dialect.Dialect            : HHH000400: Using dialect: org.hibernate.dialect.H2Dialect
2020-03-25 18:14:22.229  INFO 6768 --- [main] o.h.e.t.j.p.i.JtaPlatformInitiator       : HHH000490: Using JtaPlatform implementation: [org.hibernate.engine.transaction.jta.platform.internal.NoJtaPlatform]
2020-03-25 18:14:22.235  INFO 6768 --- [main] j.LocalContainerEntityManagerFactoryBean : Initialized JPA EntityManagerFactory for persistence unit 'default'
2020-03-25 18:14:22.421  INFO 6768 --- [main] org.mongodb.driver.cluster               : Cluster created with settings {hosts=[127.0.0.1:27017], srvHost=sggc-cluster-g1f6o.mongodb.net, mode=MULTIPLE, requiredClusterType=REPLICA_SET, serverSelectionTimeout='30000 ms', maxWaitQueueSize=500, requiredReplicaSetName='SGGC-Cluster-shard-0'}
2020-03-25 18:14:22.445  INFO 6768 --- [cluster-ClusterId{value='5e7b9f7ea738750b1dbe0677', description='null'}-srv-sggc-cluster-g1f6o.mongodb.net] org.mongodb.driver.cluster               : Adding discovered server sggc-cluster-shard-00-00-g1f6o.mongodb.net:27017 to client view of cluster
2020-03-25 18:14:22.465  INFO 6768 --- [cluster-ClusterId{value='5e7b9f7ea738750b1dbe0677', description='null'}-srv-sggc-cluster-g1f6o.mongodb.net] org.mongodb.driver.cluster               : Adding discovered server sggc-cluster-shard-00-01-g1f6o.mongodb.net:27017 to client view of cluster
2020-03-25 18:14:22.466  INFO 6768 --- [cluster-ClusterId{value='5e7b9f7ea738750b1dbe0677', description='null'}-srv-sggc-cluster-g1f6o.mongodb.net] org.mongodb.driver.cluster               : Adding discovered server sggc-cluster-shard-00-02-g1f6o.mongodb.net:27017 to client view of cluster
2020-03-25 18:14:22.727  INFO 6768 --- [cluster-ClusterId{value='5e7b9f7ea738750b1dbe0677', description='null'}-sggc-cluster-shard-00-02-g1f6o.mongodb.net:27017] org.mongodb.driver.connection            : Opened connection [connectionId{localValue:1, serverValue:1579147}] to sggc-cluster-shard-00-02-g1f6o.mongodb.net:27017
2020-03-25 18:14:22.728  INFO 6768 --- [cluster-ClusterId{value='5e7b9f7ea738750b1dbe0677', description='null'}-sggc-cluster-shard-00-00-g1f6o.mongodb.net:27017] org.mongodb.driver.connection            : Opened connection [connectionId{localValue:3, serverValue:516277}] to sggc-cluster-shard-00-00-g1f6o.mongodb.net:27017
2020-03-25 18:14:22.729  INFO 6768 --- [cluster-ClusterId{value='5e7b9f7ea738750b1dbe0677', description='null'}-sggc-cluster-shard-00-01-g1f6o.mongodb.net:27017] org.mongodb.driver.connection            : Opened connection [connectionId{localValue:2, serverValue:512521}] to sggc-cluster-shard-00-01-g1f6o.mongodb.net:27017
2020-03-25 18:14:22.749  INFO 6768 --- [cluster-ClusterId{value='5e7b9f7ea738750b1dbe0677', description='null'}-sggc-cluster-shard-00-02-g1f6o.mongodb.net:27017] org.mongodb.driver.cluster               : Monitor thread successfully connected to server with description ServerDescription{address=sggc-cluster-shard-00-02-g1f6o.mongodb.net:27017, type=REPLICA_SET_PRIMARY, state=CONNECTED, ok=true, version=ServerVersion{versionList=[4, 2, 3]}, minWireVersion=0, maxWireVersion=8, maxDocumentSize=16777216, logicalSessionTimeoutMinutes=30, roundTripTimeNanos=21096900, setName='SGGC-Cluster-shard-0', canonicalAddress=sggc-cluster-shard-00-02-g1f6o.mongodb.net:27017, hosts=[sggc-cluster-shard-00-00-g1f6o.mongodb.net:27017, sggc-cluster-shard-00-01-g1f6o.mongodb.net:27017, sggc-cluster-shard-00-02-g1f6o.mongodb.net:27017], passives=[], arbiters=[], primary='sggc-cluster-shard-00-02-g1f6o.mongodb.net:27017', tagSet=TagSet{[Tag{name='nodeType', value='ELECTABLE'}, Tag{name='provider', value='AWS'}, Tag{name='region', value='EU_WEST_1'}]}, electionId=7fffffff000000000000000d, setVersion=2, lastWriteDate=Wed Mar 25 18:14:10 GMT 2020, lastUpdateTimeNanos=168020767817000}
2020-03-25 18:14:22.750  INFO 6768 --- [cluster-ClusterId{value='5e7b9f7ea738750b1dbe0677', description='null'}-sggc-cluster-shard-00-01-g1f6o.mongodb.net:27017] org.mongodb.driver.cluster               : Monitor thread successfully connected to server with description ServerDescription{address=sggc-cluster-shard-00-01-g1f6o.mongodb.net:27017, type=REPLICA_SET_SECONDARY, state=CONNECTED, ok=true, version=ServerVersion{versionList=[4, 2, 3]}, minWireVersion=0, maxWireVersion=8, maxDocumentSize=16777216, logicalSessionTimeoutMinutes=30, roundTripTimeNanos=20434900, setName='SGGC-Cluster-shard-0', canonicalAddress=sggc-cluster-shard-00-01-g1f6o.mongodb.net:27017, hosts=[sggc-cluster-shard-00-00-g1f6o.mongodb.net:27017, sggc-cluster-shard-00-01-g1f6o.mongodb.net:27017, sggc-cluster-shard-00-02-g1f6o.mongodb.net:27017], passives=[], arbiters=[], primary='sggc-cluster-shard-00-02-g1f6o.mongodb.net:27017', tagSet=TagSet{[Tag{name='nodeType', value='ELECTABLE'}, Tag{name='provider', value='AWS'}, Tag{name='region', value='EU_WEST_1'}]}, electionId=null, setVersion=2, lastWriteDate=Wed Mar 25 18:14:10 GMT 2020, lastUpdateTimeNanos=168020769213700}
2020-03-25 18:14:22.751  INFO 6768 --- [cluster-ClusterId{value='5e7b9f7ea738750b1dbe0677', description='null'}-sggc-cluster-shard-00-02-g1f6o.mongodb.net:27017] org.mongodb.driver.cluster               : Setting max election id to 7fffffff000000000000000d from replica set primary sggc-cluster-shard-00-02-g1f6o.mongodb.net:27017
2020-03-25 18:14:22.751  INFO 6768 --- [cluster-ClusterId{value='5e7b9f7ea738750b1dbe0677', description='null'}-sggc-cluster-shard-00-00-g1f6o.mongodb.net:27017] org.mongodb.driver.cluster               : Monitor thread successfully connected to server with description ServerDescription{address=sggc-cluster-shard-00-00-g1f6o.mongodb.net:27017, type=REPLICA_SET_SECONDARY, state=CONNECTED, ok=true, version=ServerVersion{versionList=[4, 2, 3]}, minWireVersion=0, maxWireVersion=8, maxDocumentSize=16777216, logicalSessionTimeoutMinutes=30, roundTripTimeNanos=22280900, setName='SGGC-Cluster-shard-0', canonicalAddress=sggc-cluster-shard-00-00-g1f6o.mongodb.net:27017, hosts=[sggc-cluster-shard-00-00-g1f6o.mongodb.net:27017, sggc-cluster-shard-00-01-g1f6o.mongodb.net:27017, sggc-cluster-shard-00-02-g1f6o.mongodb.net:27017], passives=[], arbiters=[], primary='sggc-cluster-shard-00-02-g1f6o.mongodb.net:27017', tagSet=TagSet{[Tag{name='nodeType', value='ELECTABLE'}, Tag{name='provider', value='AWS'}, Tag{name='region', value='EU_WEST_1'}]}, electionId=null, setVersion=2, lastWriteDate=Wed Mar 25 18:14:10 GMT 2020, lastUpdateTimeNanos=168020770013500}
2020-03-25 18:14:22.751  INFO 6768 --- [cluster-ClusterId{value='5e7b9f7ea738750b1dbe0677', description='null'}-sggc-cluster-shard-00-02-g1f6o.mongodb.net:27017] org.mongodb.driver.cluster               : Setting max set version to 2 from replica set primary sggc-cluster-shard-00-02-g1f6o.mongodb.net:27017
2020-03-25 18:14:22.751  INFO 6768 --- [cluster-ClusterId{value='5e7b9f7ea738750b1dbe0677', description='null'}-sggc-cluster-shard-00-02-g1f6o.mongodb.net:27017] org.mongodb.driver.cluster               : Discovered replica set primary sggc-cluster-shard-00-02-g1f6o.mongodb.net:27017
2020-03-25 18:14:22.816  WARN 6768 --- [main] JpaBaseConfiguration$JpaWebConfiguration : spring.jpa.open-in-view is enabled by default. Therefore, database queries may be performed during view rendering. Explicitly configure spring.jpa.open-in-view to disable this warning
2020-03-25 18:14:22.894  INFO 6768 --- [main] pertySourcedRequestMappingHandlerMapping : Mapped URL path [/v2/api-docs] onto method [springfox.documentation.swagger2.web.Swagger2Controller#getDocumentation(String, HttpServletRequest)]
2020-03-25 18:14:22.971  INFO 6768 --- [main] o.s.s.concurrent.ThreadPoolTaskExecutor  : Initializing ExecutorService 'applicationTaskExecutor'
2020-03-25 18:14:23.110  INFO 6768 --- [main] d.s.w.p.DocumentationPluginsBootstrapper : Context refreshed
2020-03-25 18:14:23.119  INFO 6768 --- [main] d.s.w.p.DocumentationPluginsBootstrapper : Found 1 custom documentation plugin(s)
2020-03-25 18:14:23.143  INFO 6768 --- [main] s.d.s.w.s.ApiListingReferenceScanner     : Scanning for api listing references
2020-03-25 18:14:23.178  INFO 6768 --- [main] o.s.b.w.embedded.tomcat.TomcatWebServer  : Tomcat started on port(s): 8020 (http) with context path ''
2020-03-25 18:14:23.181  INFO 6768 --- [main] com.sggc.app.SteamGroupGamesApplication  : Started SteamGroupGamesApplication in 3.646 seconds (JVM running for 4.845)
2020-03-25 18:14:23.959  INFO 6768 --- [http-nio-8020-exec-1] o.a.c.c.C.[Tomcat].[localhost].[/]       : Initializing Spring DispatcherServlet 'dispatcherServlet'
2020-03-25 18:14:23.959  INFO 6768 --- [http-nio-8020-exec-1] o.s.web.servlet.DispatcherServlet        : Initializing Servlet 'dispatcherServlet'
2020-03-25 18:14:23.964  INFO 6768 --- [http-nio-8020-exec-1] o.s.web.servlet.DispatcherServlet        : Completed initialization in 5 ms
2020-03-25 18:14:24.354  INFO 6768 --- [http-nio-8020-exec-1] org.mongodb.driver.connection            : Opened connection [connectionId{localValue:4, serverValue:1579147}] to sggc-cluster-shard-00-02-g1f6o.mongodb.net:27017
2020-03-25 18:14:45.922 ERROR 6768 --- [http-nio-8020-exec-1] c.s.app.controller.SGGCControllerAdvice  : ERROR:

java.io.IOException: com.google.gson.JsonSyntaxException: com.google.gson.stream.MalformedJsonException: Use JsonReader.setLenient(true) to accept malformed JSON at line 1 column 25 path $
	at com.sggc.app.util.GsonParser.parseUserGameList(GsonParser.java:45) ~[classes/:na]
	at com.sggc.app.controller.SGGCController.getUsersOwnedGameIds(SGGCController.java:111) ~[classes/:na]
	at com.sggc.app.controller.SGGCController.findUsersGameIdsById(SGGCController.java:126) ~[classes/:na]
	at com.sggc.app.controller.SGGCController.getIdsOfGamesOwnedByAllUsers(SGGCController.java:97) ~[classes/:na]
	at com.sggc.app.controller.SGGCController.getGamesAllUsersOwn(SGGCController.java:44) ~[classes/:na]
	at java.base/jdk.internal.reflect.NativeMethodAccessorImpl.invoke0(Native Method) ~[na:na]
	at java.base/jdk.internal.reflect.NativeMethodAccessorImpl.invoke(NativeMethodAccessorImpl.java:62) ~[na:na]
	at java.base/jdk.internal.reflect.DelegatingMethodAccessorImpl.invoke(DelegatingMethodAccessorImpl.java:43) ~[na:na]
	at java.base/java.lang.reflect.Method.invoke(Method.java:566) ~[na:na]
	at org.springframework.web.method.support.InvocableHandlerMethod.doInvoke(InvocableHandlerMethod.java:190) ~[spring-web-5.2.3.RELEASE.jar:5.2.3.RELEASE]
	at org.springframework.web.method.support.InvocableHandlerMethod.invokeForRequest(InvocableHandlerMethod.java:138) ~[spring-web-5.2.3.RELEASE.jar:5.2.3.RELEASE]
	at org.springframework.web.servlet.mvc.method.annotation.ServletInvocableHandlerMethod.invokeAndHandle(ServletInvocableHandlerMethod.java:106) ~[spring-webmvc-5.2.3.RELEASE.jar:5.2.3.RELEASE]
	at org.springframework.web.servlet.mvc.method.annotation.RequestMappingHandlerAdapter.invokeHandlerMethod(RequestMappingHandlerAdapter.java:888) ~[spring-webmvc-5.2.3.RELEASE.jar:5.2.3.RELEASE]
	at org.springframework.web.servlet.mvc.method.annotation.RequestMappingHandlerAdapter.handleInternal(RequestMappingHandlerAdapter.java:793) ~[spring-webmvc-5.2.3.RELEASE.jar:5.2.3.RELEASE]
	at org.springframework.web.servlet.mvc.method.AbstractHandlerMethodAdapter.handle(AbstractHandlerMethodAdapter.java:87) ~[spring-webmvc-5.2.3.RELEASE.jar:5.2.3.RELEASE]
	at org.springframework.web.servlet.DispatcherServlet.doDispatch(DispatcherServlet.java:1040) ~[spring-webmvc-5.2.3.RELEASE.jar:5.2.3.RELEASE]
	at org.springframework.web.servlet.DispatcherServlet.doService(DispatcherServlet.java:943) ~[spring-webmvc-5.2.3.RELEASE.jar:5.2.3.RELEASE]
	at org.springframework.web.servlet.FrameworkServlet.processRequest(FrameworkServlet.java:1006) ~[spring-webmvc-5.2.3.RELEASE.jar:5.2.3.RELEASE]
	at org.springframework.web.servlet.FrameworkServlet.doPost(FrameworkServlet.java:909) ~[spring-webmvc-5.2.3.RELEASE.jar:5.2.3.RELEASE]
	at javax.servlet.http.HttpServlet.service(HttpServlet.java:660) ~[tomcat-embed-core-9.0.30.jar:9.0.30]
	at org.springframework.web.servlet.FrameworkServlet.service(FrameworkServlet.java:883) ~[spring-webmvc-5.2.3.RELEASE.jar:5.2.3.RELEASE]
	at javax.servlet.http.HttpServlet.service(HttpServlet.java:741) ~[tomcat-embed-core-9.0.30.jar:9.0.30]
	at org.apache.catalina.core.ApplicationFilterChain.internalDoFilter(ApplicationFilterChain.java:231) ~[tomcat-embed-core-9.0.30.jar:9.0.30]
	at org.apache.catalina.core.ApplicationFilterChain.doFilter(ApplicationFilterChain.java:166) ~[tomcat-embed-core-9.0.30.jar:9.0.30]
	at org.apache.tomcat.websocket.server.WsFilter.doFilter(WsFilter.java:53) ~[tomcat-embed-websocket-9.0.30.jar:9.0.30]
	at org.apache.catalina.core.ApplicationFilterChain.internalDoFilter(ApplicationFilterChain.java:193) ~[tomcat-embed-core-9.0.30.jar:9.0.30]
	at org.apache.catalina.core.ApplicationFilterChain.doFilter(ApplicationFilterChain.java:166) ~[tomcat-embed-core-9.0.30.jar:9.0.30]
	at org.springframework.web.filter.RequestContextFilter.doFilterInternal(RequestContextFilter.java:100) ~[spring-web-5.2.3.RELEASE.jar:5.2.3.RELEASE]
	at org.springframework.web.filter.OncePerRequestFilter.doFilter(OncePerRequestFilter.java:119) ~[spring-web-5.2.3.RELEASE.jar:5.2.3.RELEASE]
	at org.apache.catalina.core.ApplicationFilterChain.internalDoFilter(ApplicationFilterChain.java:193) ~[tomcat-embed-core-9.0.30.jar:9.0.30]
	at org.apache.catalina.core.ApplicationFilterChain.doFilter(ApplicationFilterChain.java:166) ~[tomcat-embed-core-9.0.30.jar:9.0.30]
	at org.springframework.web.filter.FormContentFilter.doFilterInternal(FormContentFilter.java:93) ~[spring-web-5.2.3.RELEASE.jar:5.2.3.RELEASE]
	at org.springframework.web.filter.OncePerRequestFilter.doFilter(OncePerRequestFilter.java:119) ~[spring-web-5.2.3.RELEASE.jar:5.2.3.RELEASE]
	at org.apache.catalina.core.ApplicationFilterChain.internalDoFilter(ApplicationFilterChain.java:193) ~[tomcat-embed-core-9.0.30.jar:9.0.30]
	at org.apache.catalina.core.ApplicationFilterChain.doFilter(ApplicationFilterChain.java:166) ~[tomcat-embed-core-9.0.30.jar:9.0.30]
	at org.springframework.web.filter.CharacterEncodingFilter.doFilterInternal(CharacterEncodingFilter.java:201) ~[spring-web-5.2.3.RELEASE.jar:5.2.3.RELEASE]
	at org.springframework.web.filter.OncePerRequestFilter.doFilter(OncePerRequestFilter.java:119) ~[spring-web-5.2.3.RELEASE.jar:5.2.3.RELEASE]
	at org.apache.catalina.core.ApplicationFilterChain.internalDoFilter(ApplicationFilterChain.java:193) ~[tomcat-embed-core-9.0.30.jar:9.0.30]
	at org.apache.catalina.core.ApplicationFilterChain.doFilter(ApplicationFilterChain.java:166) ~[tomcat-embed-core-9.0.30.jar:9.0.30]
	at org.apache.catalina.core.StandardWrapperValve.invoke(StandardWrapperValve.java:202) ~[tomcat-embed-core-9.0.30.jar:9.0.30]
	at org.apache.catalina.core.StandardContextValve.invoke(StandardContextValve.java:96) ~[tomcat-embed-core-9.0.30.jar:9.0.30]
	at org.apache.catalina.authenticator.AuthenticatorBase.invoke(AuthenticatorBase.java:541) ~[tomcat-embed-core-9.0.30.jar:9.0.30]
	at org.apache.catalina.core.StandardHostValve.invoke(StandardHostValve.java:139) ~[tomcat-embed-core-9.0.30.jar:9.0.30]
	at org.apache.catalina.valves.ErrorReportValve.invoke(ErrorReportValve.java:92) ~[tomcat-embed-core-9.0.30.jar:9.0.30]
	at org.apache.catalina.core.StandardEngineValve.invoke(StandardEngineValve.java:74) ~[tomcat-embed-core-9.0.30.jar:9.0.30]
	at org.apache.catalina.connector.CoyoteAdapter.service(CoyoteAdapter.java:343) ~[tomcat-embed-core-9.0.30.jar:9.0.30]
	at org.apache.coyote.http11.Http11Processor.service(Http11Processor.java:367) ~[tomcat-embed-core-9.0.30.jar:9.0.30]
	at org.apache.coyote.AbstractProcessorLight.process(AbstractProcessorLight.java:65) ~[tomcat-embed-core-9.0.30.jar:9.0.30]
	at org.apache.coyote.AbstractProtocol$ConnectionHandler.process(AbstractProtocol.java:860) ~[tomcat-embed-core-9.0.30.jar:9.0.30]
	at org.apache.tomcat.util.net.NioEndpoint$SocketProcessor.doRun(NioEndpoint.java:1598) ~[tomcat-embed-core-9.0.30.jar:9.0.30]
	at org.apache.tomcat.util.net.SocketProcessorBase.run(SocketProcessorBase.java:49) ~[tomcat-embed-core-9.0.30.jar:9.0.30]
	at java.base/java.util.concurrent.ThreadPoolExecutor.runWorker(ThreadPoolExecutor.java:1128) ~[na:na]
	at java.base/java.util.concurrent.ThreadPoolExecutor$Worker.run(ThreadPoolExecutor.java:628) ~[na:na]
	at org.apache.tomcat.util.threads.TaskThread$WrappingRunnable.run(TaskThread.java:61) ~[tomcat-embed-core-9.0.30.jar:9.0.30]
	at java.base/java.lang.Thread.run(Thread.java:834) ~[na:na]
Caused by: com.google.gson.JsonSyntaxException: com.google.gson.stream.MalformedJsonException: Use JsonReader.setLenient(true) to accept malformed JSON at line 1 column 25 path $
	at com.google.gson.JsonParser.parseReader(JsonParser.java:66) ~[gson-2.8.6.jar:na]
	at com.google.gson.JsonParser.parseString(JsonParser.java:47) ~[gson-2.8.6.jar:na]
	at com.sggc.app.util.GsonParser.parseUserGameList(GsonParser.java:43) ~[classes/:na]
	... 54 common frames omitted
Caused by: com.google.gson.stream.MalformedJsonException: Use JsonReader.setLenient(true) to accept malformed JSON at line 1 column 25 path $
	at com.google.gson.stream.JsonReader.syntaxError(JsonReader.java:1564) ~[gson-2.8.6.jar:na]
	at com.google.gson.stream.JsonReader.checkLenient(JsonReader.java:1405) ~[gson-2.8.6.jar:na]
	at com.google.gson.stream.JsonReader.doPeek(JsonReader.java:543) ~[gson-2.8.6.jar:na]
	at com.google.gson.stream.JsonReader.peek(JsonReader.java:426) ~[gson-2.8.6.jar:na]
	at com.google.gson.JsonParser.parseReader(JsonParser.java:61) ~[gson-2.8.6.jar:na]
	... 56 common frames omitted

2020-03-25 18:14:46.039  INFO 6768 --- [SpringContextShutdownHook] o.s.s.concurrent.ThreadPoolTaskExecutor  : Shutting down ExecutorService 'applicationTaskExecutor'
2020-03-25 18:14:46.063  INFO 6768 --- [SpringContextShutdownHook] org.mongodb.driver.connection            : Closed connection [connectionId{localValue:4, serverValue:1579147}] to sggc-cluster-shard-00-02-g1f6o.mongodb.net:27017 because the pool has been closed.
2020-03-25 18:14:46.065  INFO 6768 --- [SpringContextShutdownHook] j.LocalContainerEntityManagerFactoryBean : Closing JPA EntityManagerFactory for persistence unit 'default'
2020-03-25 18:14:46.065  INFO 6768 --- [SpringContextShutdownHook] .SchemaDropperImpl$DelayedDropActionImpl : HHH000477: Starting delayed evictData of schema as part of SessionFactory shut-down'
2020-03-25 18:14:46.068  INFO 6768 --- [SpringContextShutdownHook] com.zaxxer.hikari.HikariDataSource       : HikariPool-1 - Shutdown initiated...
2020-03-25 18:14:46.071  INFO 6768 --- [SpringContextShutdownHook] com.zaxxer.hikari.HikariDataSource       : HikariPool-1 - Shutdown completed.
2020-03-25 18:15:01.921  INFO 20288 --- [main] com.sggc.app.SteamGroupGamesApplication  : Starting SteamGroupGamesApplication on DESKTOP-EA0JH7O with PID 20288 (started by Toby Peel in C:\Users\Toby Peel\DEV\Java Projects\SteamGroupGameChecker)
2020-03-25 18:15:01.924  INFO 20288 --- [main] com.sggc.app.SteamGroupGamesApplication  : No active profile set, falling back to default profiles: default
2020-03-25 18:15:02.566  INFO 20288 --- [main] .s.d.r.c.RepositoryConfigurationDelegate : Multiple Spring Data modules found, entering strict repository configuration mode!
2020-03-25 18:15:02.566  INFO 20288 --- [main] .s.d.r.c.RepositoryConfigurationDelegate : Bootstrapping Spring Data JPA repositories in DEFAULT mode.
2020-03-25 18:15:02.598  INFO 20288 --- [main] .RepositoryConfigurationExtensionSupport : Spring Data JPA - Could not safely identify store assignment for repository candidate interface com.sggc.app.repository.GameRepository. If you want this repository to be a JPA repository, consider annotating your entities with one of these annotations: javax.persistence.Entity, javax.persistence.MappedSuperclass (preferred), or consider extending one of the following types with your repository: org.springframework.data.jpa.repository.JpaRepository.
2020-03-25 18:15:02.601  INFO 20288 --- [main] .RepositoryConfigurationExtensionSupport : Spring Data JPA - Could not safely identify store assignment for repository candidate interface com.sggc.app.repository.UserRepository. If you want this repository to be a JPA repository, consider annotating your entities with one of these annotations: javax.persistence.Entity, javax.persistence.MappedSuperclass (preferred), or consider extending one of the following types with your repository: org.springframework.data.jpa.repository.JpaRepository.
2020-03-25 18:15:02.601  INFO 20288 --- [main] .s.d.r.c.RepositoryConfigurationDelegate : Finished Spring Data repository scanning in 29ms. Found 0 JPA repository interfaces.
2020-03-25 18:15:02.616  INFO 20288 --- [main] .s.d.r.c.RepositoryConfigurationDelegate : Multiple Spring Data modules found, entering strict repository configuration mode!
2020-03-25 18:15:02.616  INFO 20288 --- [main] .s.d.r.c.RepositoryConfigurationDelegate : Bootstrapping Spring Data MongoDB repositories in DEFAULT mode.
2020-03-25 18:15:02.642  INFO 20288 --- [main] .s.d.r.c.RepositoryConfigurationDelegate : Finished Spring Data repository scanning in 25ms. Found 2 MongoDB repository interfaces.
2020-03-25 18:15:02.831  INFO 20288 --- [main] trationDelegate$BeanPostProcessorChecker : Bean 'org.springframework.transaction.annotation.ProxyTransactionManagementConfiguration' of type [org.springframework.transaction.annotation.ProxyTransactionManagementConfiguration] is not eligible for getting processed by all BeanPostProcessors (for example: not eligible for auto-proxying)
2020-03-25 18:15:02.976  INFO 20288 --- [main] o.s.b.w.embedded.tomcat.TomcatWebServer  : Tomcat initialized with port(s): 8020 (http)
2020-03-25 18:15:02.981  INFO 20288 --- [main] o.apache.catalina.core.StandardService   : Starting service [Tomcat]
2020-03-25 18:15:02.982  INFO 20288 --- [main] org.apache.catalina.core.StandardEngine  : Starting Servlet engine: [Apache Tomcat/9.0.30]
2020-03-25 18:15:03.085  INFO 20288 --- [main] o.a.c.c.C.[Tomcat].[localhost].[/]       : Initializing Spring embedded WebApplicationContext
2020-03-25 18:15:03.085  INFO 20288 --- [main] o.s.web.context.ContextLoader            : Root WebApplicationContext: initialization completed in 1117 ms
2020-03-25 18:15:03.161  INFO 20288 --- [main] com.zaxxer.hikari.HikariDataSource       : HikariPool-1 - Starting...
2020-03-25 18:15:03.229  INFO 20288 --- [main] com.zaxxer.hikari.HikariDataSource       : HikariPool-1 - Start completed.
2020-03-25 18:15:03.265  INFO 20288 --- [main] o.hibernate.jpa.internal.util.LogHelper  : HHH000204: Processing PersistenceUnitInfo [name: default]
2020-03-25 18:15:03.314  INFO 20288 --- [main] org.hibernate.Version                    : HHH000412: Hibernate Core {5.4.10.Final}
2020-03-25 18:15:03.393  INFO 20288 --- [main] o.hibernate.annotations.common.Version   : HCANN000001: Hibernate Commons Annotations {5.1.0.Final}
2020-03-25 18:15:03.470  INFO 20288 --- [main] org.hibernate.dialect.Dialect            : HHH000400: Using dialect: org.hibernate.dialect.H2Dialect
2020-03-25 18:15:03.635  INFO 20288 --- [main] o.h.e.t.j.p.i.JtaPlatformInitiator       : HHH000490: Using JtaPlatform implementation: [org.hibernate.engine.transaction.jta.platform.internal.NoJtaPlatform]
2020-03-25 18:15:03.640  INFO 20288 --- [main] j.LocalContainerEntityManagerFactoryBean : Initialized JPA EntityManagerFactory for persistence unit 'default'
2020-03-25 18:15:03.815  INFO 20288 --- [main] org.mongodb.driver.cluster               : Cluster created with settings {hosts=[127.0.0.1:27017], srvHost=sggc-cluster-g1f6o.mongodb.net, mode=MULTIPLE, requiredClusterType=REPLICA_SET, serverSelectionTimeout='30000 ms', maxWaitQueueSize=500, requiredReplicaSetName='SGGC-Cluster-shard-0'}
2020-03-25 18:15:03.838  INFO 20288 --- [cluster-ClusterId{value='5e7b9fa739869e5e978d598f', description='null'}-srv-sggc-cluster-g1f6o.mongodb.net] org.mongodb.driver.cluster               : Adding discovered server sggc-cluster-shard-00-01-g1f6o.mongodb.net:27017 to client view of cluster
2020-03-25 18:15:03.855  INFO 20288 --- [cluster-ClusterId{value='5e7b9fa739869e5e978d598f', description='null'}-srv-sggc-cluster-g1f6o.mongodb.net] org.mongodb.driver.cluster               : Adding discovered server sggc-cluster-shard-00-00-g1f6o.mongodb.net:27017 to client view of cluster
2020-03-25 18:15:03.856  INFO 20288 --- [cluster-ClusterId{value='5e7b9fa739869e5e978d598f', description='null'}-srv-sggc-cluster-g1f6o.mongodb.net] org.mongodb.driver.cluster               : Adding discovered server sggc-cluster-shard-00-02-g1f6o.mongodb.net:27017 to client view of cluster
2020-03-25 18:15:04.087  INFO 20288 --- [cluster-ClusterId{value='5e7b9fa739869e5e978d598f', description='null'}-sggc-cluster-shard-00-02-g1f6o.mongodb.net:27017] org.mongodb.driver.connection            : Opened connection [connectionId{localValue:2, serverValue:1577151}] to sggc-cluster-shard-00-02-g1f6o.mongodb.net:27017
2020-03-25 18:15:04.088  INFO 20288 --- [cluster-ClusterId{value='5e7b9fa739869e5e978d598f', description='null'}-sggc-cluster-shard-00-01-g1f6o.mongodb.net:27017] org.mongodb.driver.connection            : Opened connection [connectionId{localValue:3, serverValue:512521}] to sggc-cluster-shard-00-01-g1f6o.mongodb.net:27017
2020-03-25 18:15:04.089  INFO 20288 --- [cluster-ClusterId{value='5e7b9fa739869e5e978d598f', description='null'}-sggc-cluster-shard-00-00-g1f6o.mongodb.net:27017] org.mongodb.driver.connection            : Opened connection [connectionId{localValue:1, serverValue:516277}] to sggc-cluster-shard-00-00-g1f6o.mongodb.net:27017
2020-03-25 18:15:04.111  INFO 20288 --- [cluster-ClusterId{value='5e7b9fa739869e5e978d598f', description='null'}-sggc-cluster-shard-00-02-g1f6o.mongodb.net:27017] org.mongodb.driver.cluster               : Monitor thread successfully connected to server with description ServerDescription{address=sggc-cluster-shard-00-02-g1f6o.mongodb.net:27017, type=REPLICA_SET_PRIMARY, state=CONNECTED, ok=true, version=ServerVersion{versionList=[4, 2, 3]}, minWireVersion=0, maxWireVersion=8, maxDocumentSize=16777216, logicalSessionTimeoutMinutes=30, roundTripTimeNanos=21562900, setName='SGGC-Cluster-shard-0', canonicalAddress=sggc-cluster-shard-00-02-g1f6o.mongodb.net:27017, hosts=[sggc-cluster-shard-00-00-g1f6o.mongodb.net:27017, sggc-cluster-shard-00-01-g1f6o.mongodb.net:27017, sggc-cluster-shard-00-02-g1f6o.mongodb.net:27017], passives=[], arbiters=[], primary='sggc-cluster-shard-00-02-g1f6o.mongodb.net:27017', tagSet=TagSet{[Tag{name='nodeType', value='ELECTABLE'}, Tag{name='provider', value='AWS'}, Tag{name='region', value='EU_WEST_1'}]}, electionId=7fffffff000000000000000d, setVersion=2, lastWriteDate=Wed Mar 25 18:15:00 GMT 2020, lastUpdateTimeNanos=168062129048100}
2020-03-25 18:15:04.111  INFO 20288 --- [cluster-ClusterId{value='5e7b9fa739869e5e978d598f', description='null'}-sggc-cluster-shard-00-01-g1f6o.mongodb.net:27017] org.mongodb.driver.cluster               : Monitor thread successfully connected to server with description ServerDescription{address=sggc-cluster-shard-00-01-g1f6o.mongodb.net:27017, type=REPLICA_SET_SECONDARY, state=CONNECTED, ok=true, version=ServerVersion{versionList=[4, 2, 3]}, minWireVersion=0, maxWireVersion=8, maxDocumentSize=16777216, logicalSessionTimeoutMinutes=30, roundTripTimeNanos=22589000, setName='SGGC-Cluster-shard-0', canonicalAddress=sggc-cluster-shard-00-01-g1f6o.mongodb.net:27017, hosts=[sggc-cluster-shard-00-00-g1f6o.mongodb.net:27017, sggc-cluster-shard-00-01-g1f6o.mongodb.net:27017, sggc-cluster-shard-00-02-g1f6o.mongodb.net:27017], passives=[], arbiters=[], primary='sggc-cluster-shard-00-02-g1f6o.mongodb.net:27017', tagSet=TagSet{[Tag{name='nodeType', value='ELECTABLE'}, Tag{name='provider', value='AWS'}, Tag{name='region', value='EU_WEST_1'}]}, electionId=null, setVersion=2, lastWriteDate=Wed Mar 25 18:15:00 GMT 2020, lastUpdateTimeNanos=168062130056900}
2020-03-25 18:15:04.111  INFO 20288 --- [cluster-ClusterId{value='5e7b9fa739869e5e978d598f', description='null'}-sggc-cluster-shard-00-00-g1f6o.mongodb.net:27017] org.mongodb.driver.cluster               : Monitor thread successfully connected to server with description ServerDescription{address=sggc-cluster-shard-00-00-g1f6o.mongodb.net:27017, type=REPLICA_SET_SECONDARY, state=CONNECTED, ok=true, version=ServerVersion{versionList=[4, 2, 3]}, minWireVersion=0, maxWireVersion=8, maxDocumentSize=16777216, logicalSessionTimeoutMinutes=30, roundTripTimeNanos=21503400, setName='SGGC-Cluster-shard-0', canonicalAddress=sggc-cluster-shard-00-00-g1f6o.mongodb.net:27017, hosts=[sggc-cluster-shard-00-00-g1f6o.mongodb.net:27017, sggc-cluster-shard-00-01-g1f6o.mongodb.net:27017, sggc-cluster-shard-00-02-g1f6o.mongodb.net:27017], passives=[], arbiters=[], primary='sggc-cluster-shard-00-02-g1f6o.mongodb.net:27017', tagSet=TagSet{[Tag{name='nodeType', value='ELECTABLE'}, Tag{name='provider', value='AWS'}, Tag{name='region', value='EU_WEST_1'}]}, electionId=null, setVersion=2, lastWriteDate=Wed Mar 25 18:15:00 GMT 2020, lastUpdateTimeNanos=168062130056900}
2020-03-25 18:15:04.112  INFO 20288 --- [cluster-ClusterId{value='5e7b9fa739869e5e978d598f', description='null'}-sggc-cluster-shard-00-02-g1f6o.mongodb.net:27017] org.mongodb.driver.cluster               : Setting max election id to 7fffffff000000000000000d from replica set primary sggc-cluster-shard-00-02-g1f6o.mongodb.net:27017
2020-03-25 18:15:04.112  INFO 20288 --- [cluster-ClusterId{value='5e7b9fa739869e5e978d598f', description='null'}-sggc-cluster-shard-00-02-g1f6o.mongodb.net:27017] org.mongodb.driver.cluster               : Setting max set version to 2 from replica set primary sggc-cluster-shard-00-02-g1f6o.mongodb.net:27017
2020-03-25 18:15:04.113  INFO 20288 --- [cluster-ClusterId{value='5e7b9fa739869e5e978d598f', description='null'}-sggc-cluster-shard-00-02-g1f6o.mongodb.net:27017] org.mongodb.driver.cluster               : Discovered replica set primary sggc-cluster-shard-00-02-g1f6o.mongodb.net:27017
2020-03-25 18:15:04.189  WARN 20288 --- [main] JpaBaseConfiguration$JpaWebConfiguration : spring.jpa.open-in-view is enabled by default. Therefore, database queries may be performed during view rendering. Explicitly configure spring.jpa.open-in-view to disable this warning
2020-03-25 18:15:04.266  INFO 20288 --- [main] pertySourcedRequestMappingHandlerMapping : Mapped URL path [/v2/api-docs] onto method [springfox.documentation.swagger2.web.Swagger2Controller#getDocumentation(String, HttpServletRequest)]
2020-03-25 18:15:04.344  INFO 20288 --- [main] o.s.s.concurrent.ThreadPoolTaskExecutor  : Initializing ExecutorService 'applicationTaskExecutor'
2020-03-25 18:15:04.463  INFO 20288 --- [main] d.s.w.p.DocumentationPluginsBootstrapper : Context refreshed
2020-03-25 18:15:04.471  INFO 20288 --- [main] d.s.w.p.DocumentationPluginsBootstrapper : Found 1 custom documentation plugin(s)
2020-03-25 18:15:04.490  INFO 20288 --- [main] s.d.s.w.s.ApiListingReferenceScanner     : Scanning for api listing references
2020-03-25 18:15:04.521  INFO 20288 --- [main] o.s.b.w.embedded.tomcat.TomcatWebServer  : Tomcat started on port(s): 8020 (http) with context path ''
2020-03-25 18:15:04.523  INFO 20288 --- [main] com.sggc.app.SteamGroupGamesApplication  : Started SteamGroupGamesApplication in 3.034 seconds (JVM running for 4.151)
2020-03-25 18:15:07.055  INFO 20288 --- [http-nio-8020-exec-1] o.a.c.c.C.[Tomcat].[localhost].[/]       : Initializing Spring DispatcherServlet 'dispatcherServlet'
2020-03-25 18:15:07.055  INFO 20288 --- [http-nio-8020-exec-1] o.s.web.servlet.DispatcherServlet        : Initializing Servlet 'dispatcherServlet'
2020-03-25 18:15:07.060  INFO 20288 --- [http-nio-8020-exec-1] o.s.web.servlet.DispatcherServlet        : Completed initialization in 5 ms
2020-03-25 18:15:07.376  INFO 20288 --- [http-nio-8020-exec-1] org.mongodb.driver.connection            : Opened connection [connectionId{localValue:4, serverValue:1577150}] to sggc-cluster-shard-00-02-g1f6o.mongodb.net:27017
2020-03-25 18:15:11.640 ERROR 20288 --- [http-nio-8020-exec-1] c.s.app.controller.SGGCControllerAdvice  : ERROR:

java.io.IOException: com.google.gson.JsonSyntaxException: com.google.gson.stream.MalformedJsonException: Use JsonReader.setLenient(true) to accept malformed JSON at line 1 column 25 path $
	at com.sggc.app.util.GsonParser.parseUserGameList(GsonParser.java:45) ~[classes/:na]
	at com.sggc.app.controller.SGGCController.getUsersOwnedGameIds(SGGCController.java:111) ~[classes/:na]
	at com.sggc.app.controller.SGGCController.findUsersGameIdsById(SGGCController.java:126) ~[classes/:na]
	at com.sggc.app.controller.SGGCController.getIdsOfGamesOwnedByAllUsers(SGGCController.java:97) ~[classes/:na]
	at com.sggc.app.controller.SGGCController.getGamesAllUsersOwn(SGGCController.java:44) ~[classes/:na]
	at java.base/jdk.internal.reflect.NativeMethodAccessorImpl.invoke0(Native Method) ~[na:na]
	at java.base/jdk.internal.reflect.NativeMethodAccessorImpl.invoke(NativeMethodAccessorImpl.java:62) ~[na:na]
	at java.base/jdk.internal.reflect.DelegatingMethodAccessorImpl.invoke(DelegatingMethodAccessorImpl.java:43) ~[na:na]
	at java.base/java.lang.reflect.Method.invoke(Method.java:566) ~[na:na]
	at org.springframework.web.method.support.InvocableHandlerMethod.doInvoke(InvocableHandlerMethod.java:190) ~[spring-web-5.2.3.RELEASE.jar:5.2.3.RELEASE]
	at org.springframework.web.method.support.InvocableHandlerMethod.invokeForRequest(InvocableHandlerMethod.java:138) ~[spring-web-5.2.3.RELEASE.jar:5.2.3.RELEASE]
	at org.springframework.web.servlet.mvc.method.annotation.ServletInvocableHandlerMethod.invokeAndHandle(ServletInvocableHandlerMethod.java:106) ~[spring-webmvc-5.2.3.RELEASE.jar:5.2.3.RELEASE]
	at org.springframework.web.servlet.mvc.method.annotation.RequestMappingHandlerAdapter.invokeHandlerMethod(RequestMappingHandlerAdapter.java:888) ~[spring-webmvc-5.2.3.RELEASE.jar:5.2.3.RELEASE]
	at org.springframework.web.servlet.mvc.method.annotation.RequestMappingHandlerAdapter.handleInternal(RequestMappingHandlerAdapter.java:793) ~[spring-webmvc-5.2.3.RELEASE.jar:5.2.3.RELEASE]
	at org.springframework.web.servlet.mvc.method.AbstractHandlerMethodAdapter.handle(AbstractHandlerMethodAdapter.java:87) ~[spring-webmvc-5.2.3.RELEASE.jar:5.2.3.RELEASE]
	at org.springframework.web.servlet.DispatcherServlet.doDispatch(DispatcherServlet.java:1040) ~[spring-webmvc-5.2.3.RELEASE.jar:5.2.3.RELEASE]
	at org.springframework.web.servlet.DispatcherServlet.doService(DispatcherServlet.java:943) ~[spring-webmvc-5.2.3.RELEASE.jar:5.2.3.RELEASE]
	at org.springframework.web.servlet.FrameworkServlet.processRequest(FrameworkServlet.java:1006) ~[spring-webmvc-5.2.3.RELEASE.jar:5.2.3.RELEASE]
	at org.springframework.web.servlet.FrameworkServlet.doPost(FrameworkServlet.java:909) ~[spring-webmvc-5.2.3.RELEASE.jar:5.2.3.RELEASE]
	at javax.servlet.http.HttpServlet.service(HttpServlet.java:660) ~[tomcat-embed-core-9.0.30.jar:9.0.30]
	at org.springframework.web.servlet.FrameworkServlet.service(FrameworkServlet.java:883) ~[spring-webmvc-5.2.3.RELEASE.jar:5.2.3.RELEASE]
	at javax.servlet.http.HttpServlet.service(HttpServlet.java:741) ~[tomcat-embed-core-9.0.30.jar:9.0.30]
	at org.apache.catalina.core.ApplicationFilterChain.internalDoFilter(ApplicationFilterChain.java:231) ~[tomcat-embed-core-9.0.30.jar:9.0.30]
	at org.apache.catalina.core.ApplicationFilterChain.doFilter(ApplicationFilterChain.java:166) ~[tomcat-embed-core-9.0.30.jar:9.0.30]
	at org.apache.tomcat.websocket.server.WsFilter.doFilter(WsFilter.java:53) ~[tomcat-embed-websocket-9.0.30.jar:9.0.30]
	at org.apache.catalina.core.ApplicationFilterChain.internalDoFilter(ApplicationFilterChain.java:193) ~[tomcat-embed-core-9.0.30.jar:9.0.30]
	at org.apache.catalina.core.ApplicationFilterChain.doFilter(ApplicationFilterChain.java:166) ~[tomcat-embed-core-9.0.30.jar:9.0.30]
	at org.springframework.web.filter.RequestContextFilter.doFilterInternal(RequestContextFilter.java:100) ~[spring-web-5.2.3.RELEASE.jar:5.2.3.RELEASE]
	at org.springframework.web.filter.OncePerRequestFilter.doFilter(OncePerRequestFilter.java:119) ~[spring-web-5.2.3.RELEASE.jar:5.2.3.RELEASE]
	at org.apache.catalina.core.ApplicationFilterChain.internalDoFilter(ApplicationFilterChain.java:193) ~[tomcat-embed-core-9.0.30.jar:9.0.30]
	at org.apache.catalina.core.ApplicationFilterChain.doFilter(ApplicationFilterChain.java:166) ~[tomcat-embed-core-9.0.30.jar:9.0.30]
	at org.springframework.web.filter.FormContentFilter.doFilterInternal(FormContentFilter.java:93) ~[spring-web-5.2.3.RELEASE.jar:5.2.3.RELEASE]
	at org.springframework.web.filter.OncePerRequestFilter.doFilter(OncePerRequestFilter.java:119) ~[spring-web-5.2.3.RELEASE.jar:5.2.3.RELEASE]
	at org.apache.catalina.core.ApplicationFilterChain.internalDoFilter(ApplicationFilterChain.java:193) ~[tomcat-embed-core-9.0.30.jar:9.0.30]
	at org.apache.catalina.core.ApplicationFilterChain.doFilter(ApplicationFilterChain.java:166) ~[tomcat-embed-core-9.0.30.jar:9.0.30]
	at org.springframework.web.filter.CharacterEncodingFilter.doFilterInternal(CharacterEncodingFilter.java:201) ~[spring-web-5.2.3.RELEASE.jar:5.2.3.RELEASE]
	at org.springframework.web.filter.OncePerRequestFilter.doFilter(OncePerRequestFilter.java:119) ~[spring-web-5.2.3.RELEASE.jar:5.2.3.RELEASE]
	at org.apache.catalina.core.ApplicationFilterChain.internalDoFilter(ApplicationFilterChain.java:193) ~[tomcat-embed-core-9.0.30.jar:9.0.30]
	at org.apache.catalina.core.ApplicationFilterChain.doFilter(ApplicationFilterChain.java:166) ~[tomcat-embed-core-9.0.30.jar:9.0.30]
	at org.apache.catalina.core.StandardWrapperValve.invoke(StandardWrapperValve.java:202) ~[tomcat-embed-core-9.0.30.jar:9.0.30]
	at org.apache.catalina.core.StandardContextValve.invoke(StandardContextValve.java:96) ~[tomcat-embed-core-9.0.30.jar:9.0.30]
	at org.apache.catalina.authenticator.AuthenticatorBase.invoke(AuthenticatorBase.java:541) ~[tomcat-embed-core-9.0.30.jar:9.0.30]
	at org.apache.catalina.core.StandardHostValve.invoke(StandardHostValve.java:139) ~[tomcat-embed-core-9.0.30.jar:9.0.30]
	at org.apache.catalina.valves.ErrorReportValve.invoke(ErrorReportValve.java:92) ~[tomcat-embed-core-9.0.30.jar:9.0.30]
	at org.apache.catalina.core.StandardEngineValve.invoke(StandardEngineValve.java:74) ~[tomcat-embed-core-9.0.30.jar:9.0.30]
	at org.apache.catalina.connector.CoyoteAdapter.service(CoyoteAdapter.java:343) ~[tomcat-embed-core-9.0.30.jar:9.0.30]
	at org.apache.coyote.http11.Http11Processor.service(Http11Processor.java:367) ~[tomcat-embed-core-9.0.30.jar:9.0.30]
	at org.apache.coyote.AbstractProcessorLight.process(AbstractProcessorLight.java:65) ~[tomcat-embed-core-9.0.30.jar:9.0.30]
	at org.apache.coyote.AbstractProtocol$ConnectionHandler.process(AbstractProtocol.java:860) ~[tomcat-embed-core-9.0.30.jar:9.0.30]
	at org.apache.tomcat.util.net.NioEndpoint$SocketProcessor.doRun(NioEndpoint.java:1598) ~[tomcat-embed-core-9.0.30.jar:9.0.30]
	at org.apache.tomcat.util.net.SocketProcessorBase.run(SocketProcessorBase.java:49) ~[tomcat-embed-core-9.0.30.jar:9.0.30]
	at java.base/java.util.concurrent.ThreadPoolExecutor.runWorker(ThreadPoolExecutor.java:1128) ~[na:na]
	at java.base/java.util.concurrent.ThreadPoolExecutor$Worker.run(ThreadPoolExecutor.java:628) ~[na:na]
	at org.apache.tomcat.util.threads.TaskThread$WrappingRunnable.run(TaskThread.java:61) ~[tomcat-embed-core-9.0.30.jar:9.0.30]
	at java.base/java.lang.Thread.run(Thread.java:834) ~[na:na]
Caused by: com.google.gson.JsonSyntaxException: com.google.gson.stream.MalformedJsonException: Use JsonReader.setLenient(true) to accept malformed JSON at line 1 column 25 path $
	at com.google.gson.JsonParser.parseReader(JsonParser.java:66) ~[gson-2.8.6.jar:na]
	at com.google.gson.JsonParser.parseString(JsonParser.java:47) ~[gson-2.8.6.jar:na]
	at com.sggc.app.util.GsonParser.parseUserGameList(GsonParser.java:43) ~[classes/:na]
	... 54 common frames omitted
Caused by: com.google.gson.stream.MalformedJsonException: Use JsonReader.setLenient(true) to accept malformed JSON at line 1 column 25 path $
	at com.google.gson.stream.JsonReader.syntaxError(JsonReader.java:1564) ~[gson-2.8.6.jar:na]
	at com.google.gson.stream.JsonReader.checkLenient(JsonReader.java:1405) ~[gson-2.8.6.jar:na]
	at com.google.gson.stream.JsonReader.doPeek(JsonReader.java:543) ~[gson-2.8.6.jar:na]
	at com.google.gson.stream.JsonReader.peek(JsonReader.java:426) ~[gson-2.8.6.jar:na]
	at com.google.gson.JsonParser.parseReader(JsonParser.java:61) ~[gson-2.8.6.jar:na]
	... 56 common frames omitted

2020-03-25 18:15:13.742 ERROR 20288 --- [http-nio-8020-exec-2] c.s.app.controller.SGGCControllerAdvice  : ERROR:

java.io.IOException: com.google.gson.JsonSyntaxException: com.google.gson.stream.MalformedJsonException: Use JsonReader.setLenient(true) to accept malformed JSON at line 1 column 25 path $
	at com.sggc.app.util.GsonParser.parseUserGameList(GsonParser.java:45) ~[classes/:na]
	at com.sggc.app.controller.SGGCController.getUsersOwnedGameIds(SGGCController.java:111) ~[classes/:na]
	at com.sggc.app.controller.SGGCController.findUsersGameIdsById(SGGCController.java:126) ~[classes/:na]
	at com.sggc.app.controller.SGGCController.getIdsOfGamesOwnedByAllUsers(SGGCController.java:97) ~[classes/:na]
	at com.sggc.app.controller.SGGCController.getGamesAllUsersOwn(SGGCController.java:44) ~[classes/:na]
	at java.base/jdk.internal.reflect.NativeMethodAccessorImpl.invoke0(Native Method) ~[na:na]
	at java.base/jdk.internal.reflect.NativeMethodAccessorImpl.invoke(NativeMethodAccessorImpl.java:62) ~[na:na]
	at java.base/jdk.internal.reflect.DelegatingMethodAccessorImpl.invoke(DelegatingMethodAccessorImpl.java:43) ~[na:na]
	at java.base/java.lang.reflect.Method.invoke(Method.java:566) ~[na:na]
	at org.springframework.web.method.support.InvocableHandlerMethod.doInvoke(InvocableHandlerMethod.java:190) ~[spring-web-5.2.3.RELEASE.jar:5.2.3.RELEASE]
	at org.springframework.web.method.support.InvocableHandlerMethod.invokeForRequest(InvocableHandlerMethod.java:138) ~[spring-web-5.2.3.RELEASE.jar:5.2.3.RELEASE]
	at org.springframework.web.servlet.mvc.method.annotation.ServletInvocableHandlerMethod.invokeAndHandle(ServletInvocableHandlerMethod.java:106) ~[spring-webmvc-5.2.3.RELEASE.jar:5.2.3.RELEASE]
	at org.springframework.web.servlet.mvc.method.annotation.RequestMappingHandlerAdapter.invokeHandlerMethod(RequestMappingHandlerAdapter.java:888) ~[spring-webmvc-5.2.3.RELEASE.jar:5.2.3.RELEASE]
	at org.springframework.web.servlet.mvc.method.annotation.RequestMappingHandlerAdapter.handleInternal(RequestMappingHandlerAdapter.java:793) ~[spring-webmvc-5.2.3.RELEASE.jar:5.2.3.RELEASE]
	at org.springframework.web.servlet.mvc.method.AbstractHandlerMethodAdapter.handle(AbstractHandlerMethodAdapter.java:87) ~[spring-webmvc-5.2.3.RELEASE.jar:5.2.3.RELEASE]
	at org.springframework.web.servlet.DispatcherServlet.doDispatch(DispatcherServlet.java:1040) ~[spring-webmvc-5.2.3.RELEASE.jar:5.2.3.RELEASE]
	at org.springframework.web.servlet.DispatcherServlet.doService(DispatcherServlet.java:943) ~[spring-webmvc-5.2.3.RELEASE.jar:5.2.3.RELEASE]
	at org.springframework.web.servlet.FrameworkServlet.processRequest(FrameworkServlet.java:1006) ~[spring-webmvc-5.2.3.RELEASE.jar:5.2.3.RELEASE]
	at org.springframework.web.servlet.FrameworkServlet.doPost(FrameworkServlet.java:909) ~[spring-webmvc-5.2.3.RELEASE.jar:5.2.3.RELEASE]
	at javax.servlet.http.HttpServlet.service(HttpServlet.java:660) ~[tomcat-embed-core-9.0.30.jar:9.0.30]
	at org.springframework.web.servlet.FrameworkServlet.service(FrameworkServlet.java:883) ~[spring-webmvc-5.2.3.RELEASE.jar:5.2.3.RELEASE]
	at javax.servlet.http.HttpServlet.service(HttpServlet.java:741) ~[tomcat-embed-core-9.0.30.jar:9.0.30]
	at org.apache.catalina.core.ApplicationFilterChain.internalDoFilter(ApplicationFilterChain.java:231) ~[tomcat-embed-core-9.0.30.jar:9.0.30]
	at org.apache.catalina.core.ApplicationFilterChain.doFilter(ApplicationFilterChain.java:166) ~[tomcat-embed-core-9.0.30.jar:9.0.30]
	at org.apache.tomcat.websocket.server.WsFilter.doFilter(WsFilter.java:53) ~[tomcat-embed-websocket-9.0.30.jar:9.0.30]
	at org.apache.catalina.core.ApplicationFilterChain.internalDoFilter(ApplicationFilterChain.java:193) ~[tomcat-embed-core-9.0.30.jar:9.0.30]
	at org.apache.catalina.core.ApplicationFilterChain.doFilter(ApplicationFilterChain.java:166) ~[tomcat-embed-core-9.0.30.jar:9.0.30]
	at org.springframework.web.filter.RequestContextFilter.doFilterInternal(RequestContextFilter.java:100) ~[spring-web-5.2.3.RELEASE.jar:5.2.3.RELEASE]
	at org.springframework.web.filter.OncePerRequestFilter.doFilter(OncePerRequestFilter.java:119) ~[spring-web-5.2.3.RELEASE.jar:5.2.3.RELEASE]
	at org.apache.catalina.core.ApplicationFilterChain.internalDoFilter(ApplicationFilterChain.java:193) ~[tomcat-embed-core-9.0.30.jar:9.0.30]
	at org.apache.catalina.core.ApplicationFilterChain.doFilter(ApplicationFilterChain.java:166) ~[tomcat-embed-core-9.0.30.jar:9.0.30]
	at org.springframework.web.filter.FormContentFilter.doFilterInternal(FormContentFilter.java:93) ~[spring-web-5.2.3.RELEASE.jar:5.2.3.RELEASE]
	at org.springframework.web.filter.OncePerRequestFilter.doFilter(OncePerRequestFilter.java:119) ~[spring-web-5.2.3.RELEASE.jar:5.2.3.RELEASE]
	at org.apache.catalina.core.ApplicationFilterChain.internalDoFilter(ApplicationFilterChain.java:193) ~[tomcat-embed-core-9.0.30.jar:9.0.30]
	at org.apache.catalina.core.ApplicationFilterChain.doFilter(ApplicationFilterChain.java:166) ~[tomcat-embed-core-9.0.30.jar:9.0.30]
	at org.springframework.web.filter.CharacterEncodingFilter.doFilterInternal(CharacterEncodingFilter.java:201) ~[spring-web-5.2.3.RELEASE.jar:5.2.3.RELEASE]
	at org.springframework.web.filter.OncePerRequestFilter.doFilter(OncePerRequestFilter.java:119) ~[spring-web-5.2.3.RELEASE.jar:5.2.3.RELEASE]
	at org.apache.catalina.core.ApplicationFilterChain.internalDoFilter(ApplicationFilterChain.java:193) ~[tomcat-embed-core-9.0.30.jar:9.0.30]
	at org.apache.catalina.core.ApplicationFilterChain.doFilter(ApplicationFilterChain.java:166) ~[tomcat-embed-core-9.0.30.jar:9.0.30]
	at org.apache.catalina.core.StandardWrapperValve.invoke(StandardWrapperValve.java:202) ~[tomcat-embed-core-9.0.30.jar:9.0.30]
	at org.apache.catalina.core.StandardContextValve.invoke(StandardContextValve.java:96) ~[tomcat-embed-core-9.0.30.jar:9.0.30]
	at org.apache.catalina.authenticator.AuthenticatorBase.invoke(AuthenticatorBase.java:541) ~[tomcat-embed-core-9.0.30.jar:9.0.30]
	at org.apache.catalina.core.StandardHostValve.invoke(StandardHostValve.java:139) ~[tomcat-embed-core-9.0.30.jar:9.0.30]
	at org.apache.catalina.valves.ErrorReportValve.invoke(ErrorReportValve.java:92) ~[tomcat-embed-core-9.0.30.jar:9.0.30]
	at org.apache.catalina.core.StandardEngineValve.invoke(StandardEngineValve.java:74) ~[tomcat-embed-core-9.0.30.jar:9.0.30]
	at org.apache.catalina.connector.CoyoteAdapter.service(CoyoteAdapter.java:343) ~[tomcat-embed-core-9.0.30.jar:9.0.30]
	at org.apache.coyote.http11.Http11Processor.service(Http11Processor.java:367) ~[tomcat-embed-core-9.0.30.jar:9.0.30]
	at org.apache.coyote.AbstractProcessorLight.process(AbstractProcessorLight.java:65) ~[tomcat-embed-core-9.0.30.jar:9.0.30]
	at org.apache.coyote.AbstractProtocol$ConnectionHandler.process(AbstractProtocol.java:860) ~[tomcat-embed-core-9.0.30.jar:9.0.30]
	at org.apache.tomcat.util.net.NioEndpoint$SocketProcessor.doRun(NioEndpoint.java:1598) ~[tomcat-embed-core-9.0.30.jar:9.0.30]
	at org.apache.tomcat.util.net.SocketProcessorBase.run(SocketProcessorBase.java:49) ~[tomcat-embed-core-9.0.30.jar:9.0.30]
	at java.base/java.util.concurrent.ThreadPoolExecutor.runWorker(ThreadPoolExecutor.java:1128) ~[na:na]
	at java.base/java.util.concurrent.ThreadPoolExecutor$Worker.run(ThreadPoolExecutor.java:628) ~[na:na]
	at org.apache.tomcat.util.threads.TaskThread$WrappingRunnable.run(TaskThread.java:61) ~[tomcat-embed-core-9.0.30.jar:9.0.30]
	at java.base/java.lang.Thread.run(Thread.java:834) ~[na:na]
Caused by: com.google.gson.JsonSyntaxException: com.google.gson.stream.MalformedJsonException: Use JsonReader.setLenient(true) to accept malformed JSON at line 1 column 25 path $
	at com.google.gson.JsonParser.parseReader(JsonParser.java:66) ~[gson-2.8.6.jar:na]
	at com.google.gson.JsonParser.parseString(JsonParser.java:47) ~[gson-2.8.6.jar:na]
	at com.sggc.app.util.GsonParser.parseUserGameList(GsonParser.java:43) ~[classes/:na]
	... 54 common frames omitted
Caused by: com.google.gson.stream.MalformedJsonException: Use JsonReader.setLenient(true) to accept malformed JSON at line 1 column 25 path $
	at com.google.gson.stream.JsonReader.syntaxError(JsonReader.java:1564) ~[gson-2.8.6.jar:na]
	at com.google.gson.stream.JsonReader.checkLenient(JsonReader.java:1405) ~[gson-2.8.6.jar:na]
	at com.google.gson.stream.JsonReader.doPeek(JsonReader.java:543) ~[gson-2.8.6.jar:na]
	at com.google.gson.stream.JsonReader.peek(JsonReader.java:426) ~[gson-2.8.6.jar:na]
	at com.google.gson.JsonParser.parseReader(JsonParser.java:61) ~[gson-2.8.6.jar:na]
	... 56 common frames omitted

2020-03-25 18:15:17.352 ERROR 20288 --- [http-nio-8020-exec-3] c.s.app.controller.SGGCControllerAdvice  : ERROR:

java.io.IOException: com.google.gson.JsonSyntaxException: com.google.gson.stream.MalformedJsonException: Use JsonReader.setLenient(true) to accept malformed JSON at line 1 column 25 path $
	at com.sggc.app.util.GsonParser.parseUserGameList(GsonParser.java:45) ~[classes/:na]
	at com.sggc.app.controller.SGGCController.getUsersOwnedGameIds(SGGCController.java:111) ~[classes/:na]
	at com.sggc.app.controller.SGGCController.findUsersGameIdsById(SGGCController.java:126) ~[classes/:na]
	at com.sggc.app.controller.SGGCController.getIdsOfGamesOwnedByAllUsers(SGGCController.java:97) ~[classes/:na]
	at com.sggc.app.controller.SGGCController.getGamesAllUsersOwn(SGGCController.java:44) ~[classes/:na]
	at java.base/jdk.internal.reflect.NativeMethodAccessorImpl.invoke0(Native Method) ~[na:na]
	at java.base/jdk.internal.reflect.NativeMethodAccessorImpl.invoke(NativeMethodAccessorImpl.java:62) ~[na:na]
	at java.base/jdk.internal.reflect.DelegatingMethodAccessorImpl.invoke(DelegatingMethodAccessorImpl.java:43) ~[na:na]
	at java.base/java.lang.reflect.Method.invoke(Method.java:566) ~[na:na]
	at org.springframework.web.method.support.InvocableHandlerMethod.doInvoke(InvocableHandlerMethod.java:190) ~[spring-web-5.2.3.RELEASE.jar:5.2.3.RELEASE]
	at org.springframework.web.method.support.InvocableHandlerMethod.invokeForRequest(InvocableHandlerMethod.java:138) ~[spring-web-5.2.3.RELEASE.jar:5.2.3.RELEASE]
	at org.springframework.web.servlet.mvc.method.annotation.ServletInvocableHandlerMethod.invokeAndHandle(ServletInvocableHandlerMethod.java:106) ~[spring-webmvc-5.2.3.RELEASE.jar:5.2.3.RELEASE]
	at org.springframework.web.servlet.mvc.method.annotation.RequestMappingHandlerAdapter.invokeHandlerMethod(RequestMappingHandlerAdapter.java:888) ~[spring-webmvc-5.2.3.RELEASE.jar:5.2.3.RELEASE]
	at org.springframework.web.servlet.mvc.method.annotation.RequestMappingHandlerAdapter.handleInternal(RequestMappingHandlerAdapter.java:793) ~[spring-webmvc-5.2.3.RELEASE.jar:5.2.3.RELEASE]
	at org.springframework.web.servlet.mvc.method.AbstractHandlerMethodAdapter.handle(AbstractHandlerMethodAdapter.java:87) ~[spring-webmvc-5.2.3.RELEASE.jar:5.2.3.RELEASE]
	at org.springframework.web.servlet.DispatcherServlet.doDispatch(DispatcherServlet.java:1040) ~[spring-webmvc-5.2.3.RELEASE.jar:5.2.3.RELEASE]
	at org.springframework.web.servlet.DispatcherServlet.doService(DispatcherServlet.java:943) ~[spring-webmvc-5.2.3.RELEASE.jar:5.2.3.RELEASE]
	at org.springframework.web.servlet.FrameworkServlet.processRequest(FrameworkServlet.java:1006) ~[spring-webmvc-5.2.3.RELEASE.jar:5.2.3.RELEASE]
	at org.springframework.web.servlet.FrameworkServlet.doPost(FrameworkServlet.java:909) ~[spring-webmvc-5.2.3.RELEASE.jar:5.2.3.RELEASE]
	at javax.servlet.http.HttpServlet.service(HttpServlet.java:660) ~[tomcat-embed-core-9.0.30.jar:9.0.30]
	at org.springframework.web.servlet.FrameworkServlet.service(FrameworkServlet.java:883) ~[spring-webmvc-5.2.3.RELEASE.jar:5.2.3.RELEASE]
	at javax.servlet.http.HttpServlet.service(HttpServlet.java:741) ~[tomcat-embed-core-9.0.30.jar:9.0.30]
	at org.apache.catalina.core.ApplicationFilterChain.internalDoFilter(ApplicationFilterChain.java:231) ~[tomcat-embed-core-9.0.30.jar:9.0.30]
	at org.apache.catalina.core.ApplicationFilterChain.doFilter(ApplicationFilterChain.java:166) ~[tomcat-embed-core-9.0.30.jar:9.0.30]
	at org.apache.tomcat.websocket.server.WsFilter.doFilter(WsFilter.java:53) ~[tomcat-embed-websocket-9.0.30.jar:9.0.30]
	at org.apache.catalina.core.ApplicationFilterChain.internalDoFilter(ApplicationFilterChain.java:193) ~[tomcat-embed-core-9.0.30.jar:9.0.30]
	at org.apache.catalina.core.ApplicationFilterChain.doFilter(ApplicationFilterChain.java:166) ~[tomcat-embed-core-9.0.30.jar:9.0.30]
	at org.springframework.web.filter.RequestContextFilter.doFilterInternal(RequestContextFilter.java:100) ~[spring-web-5.2.3.RELEASE.jar:5.2.3.RELEASE]
	at org.springframework.web.filter.OncePerRequestFilter.doFilter(OncePerRequestFilter.java:119) ~[spring-web-5.2.3.RELEASE.jar:5.2.3.RELEASE]
	at org.apache.catalina.core.ApplicationFilterChain.internalDoFilter(ApplicationFilterChain.java:193) ~[tomcat-embed-core-9.0.30.jar:9.0.30]
	at org.apache.catalina.core.ApplicationFilterChain.doFilter(ApplicationFilterChain.java:166) ~[tomcat-embed-core-9.0.30.jar:9.0.30]
	at org.springframework.web.filter.FormContentFilter.doFilterInternal(FormContentFilter.java:93) ~[spring-web-5.2.3.RELEASE.jar:5.2.3.RELEASE]
	at org.springframework.web.filter.OncePerRequestFilter.doFilter(OncePerRequestFilter.java:119) ~[spring-web-5.2.3.RELEASE.jar:5.2.3.RELEASE]
	at org.apache.catalina.core.ApplicationFilterChain.internalDoFilter(ApplicationFilterChain.java:193) ~[tomcat-embed-core-9.0.30.jar:9.0.30]
	at org.apache.catalina.core.ApplicationFilterChain.doFilter(ApplicationFilterChain.java:166) ~[tomcat-embed-core-9.0.30.jar:9.0.30]
	at org.springframework.web.filter.CharacterEncodingFilter.doFilterInternal(CharacterEncodingFilter.java:201) ~[spring-web-5.2.3.RELEASE.jar:5.2.3.RELEASE]
	at org.springframework.web.filter.OncePerRequestFilter.doFilter(OncePerRequestFilter.java:119) ~[spring-web-5.2.3.RELEASE.jar:5.2.3.RELEASE]
	at org.apache.catalina.core.ApplicationFilterChain.internalDoFilter(ApplicationFilterChain.java:193) ~[tomcat-embed-core-9.0.30.jar:9.0.30]
	at org.apache.catalina.core.ApplicationFilterChain.doFilter(ApplicationFilterChain.java:166) ~[tomcat-embed-core-9.0.30.jar:9.0.30]
	at org.apache.catalina.core.StandardWrapperValve.invoke(StandardWrapperValve.java:202) ~[tomcat-embed-core-9.0.30.jar:9.0.30]
	at org.apache.catalina.core.StandardContextValve.invoke(StandardContextValve.java:96) ~[tomcat-embed-core-9.0.30.jar:9.0.30]
	at org.apache.catalina.authenticator.AuthenticatorBase.invoke(AuthenticatorBase.java:541) ~[tomcat-embed-core-9.0.30.jar:9.0.30]
	at org.apache.catalina.core.StandardHostValve.invoke(StandardHostValve.java:139) ~[tomcat-embed-core-9.0.30.jar:9.0.30]
	at org.apache.catalina.valves.ErrorReportValve.invoke(ErrorReportValve.java:92) ~[tomcat-embed-core-9.0.30.jar:9.0.30]
	at org.apache.catalina.core.StandardEngineValve.invoke(StandardEngineValve.java:74) ~[tomcat-embed-core-9.0.30.jar:9.0.30]
	at org.apache.catalina.connector.CoyoteAdapter.service(CoyoteAdapter.java:343) ~[tomcat-embed-core-9.0.30.jar:9.0.30]
	at org.apache.coyote.http11.Http11Processor.service(Http11Processor.java:367) ~[tomcat-embed-core-9.0.30.jar:9.0.30]
	at org.apache.coyote.AbstractProcessorLight.process(AbstractProcessorLight.java:65) ~[tomcat-embed-core-9.0.30.jar:9.0.30]
	at org.apache.coyote.AbstractProtocol$ConnectionHandler.process(AbstractProtocol.java:860) ~[tomcat-embed-core-9.0.30.jar:9.0.30]
	at org.apache.tomcat.util.net.NioEndpoint$SocketProcessor.doRun(NioEndpoint.java:1598) ~[tomcat-embed-core-9.0.30.jar:9.0.30]
	at org.apache.tomcat.util.net.SocketProcessorBase.run(SocketProcessorBase.java:49) ~[tomcat-embed-core-9.0.30.jar:9.0.30]
	at java.base/java.util.concurrent.ThreadPoolExecutor.runWorker(ThreadPoolExecutor.java:1128) ~[na:na]
	at java.base/java.util.concurrent.ThreadPoolExecutor$Worker.run(ThreadPoolExecutor.java:628) ~[na:na]
	at org.apache.tomcat.util.threads.TaskThread$WrappingRunnable.run(TaskThread.java:61) ~[tomcat-embed-core-9.0.30.jar:9.0.30]
	at java.base/java.lang.Thread.run(Thread.java:834) ~[na:na]
Caused by: com.google.gson.JsonSyntaxException: com.google.gson.stream.MalformedJsonException: Use JsonReader.setLenient(true) to accept malformed JSON at line 1 column 25 path $
	at com.google.gson.JsonParser.parseReader(JsonParser.java:66) ~[gson-2.8.6.jar:na]
	at com.google.gson.JsonParser.parseString(JsonParser.java:47) ~[gson-2.8.6.jar:na]
	at com.sggc.app.util.GsonParser.parseUserGameList(GsonParser.java:43) ~[classes/:na]
	... 54 common frames omitted
Caused by: com.google.gson.stream.MalformedJsonException: Use JsonReader.setLenient(true) to accept malformed JSON at line 1 column 25 path $
	at com.google.gson.stream.JsonReader.syntaxError(JsonReader.java:1564) ~[gson-2.8.6.jar:na]
	at com.google.gson.stream.JsonReader.checkLenient(JsonReader.java:1405) ~[gson-2.8.6.jar:na]
	at com.google.gson.stream.JsonReader.doPeek(JsonReader.java:543) ~[gson-2.8.6.jar:na]
	at com.google.gson.stream.JsonReader.peek(JsonReader.java:426) ~[gson-2.8.6.jar:na]
	at com.google.gson.JsonParser.parseReader(JsonParser.java:61) ~[gson-2.8.6.jar:na]
	... 56 common frames omitted

2020-03-25 18:15:20.731 ERROR 20288 --- [http-nio-8020-exec-4] c.s.app.controller.SGGCControllerAdvice  : ERROR:

java.io.IOException: com.google.gson.JsonSyntaxException: com.google.gson.stream.MalformedJsonException: Use JsonReader.setLenient(true) to accept malformed JSON at line 1 column 25 path $
	at com.sggc.app.util.GsonParser.parseUserGameList(GsonParser.java:45) ~[classes/:na]
	at com.sggc.app.controller.SGGCController.getUsersOwnedGameIds(SGGCController.java:111) ~[classes/:na]
	at com.sggc.app.controller.SGGCController.findUsersGameIdsById(SGGCController.java:126) ~[classes/:na]
	at com.sggc.app.controller.SGGCController.getIdsOfGamesOwnedByAllUsers(SGGCController.java:97) ~[classes/:na]
	at com.sggc.app.controller.SGGCController.getGamesAllUsersOwn(SGGCController.java:44) ~[classes/:na]
	at java.base/jdk.internal.reflect.NativeMethodAccessorImpl.invoke0(Native Method) ~[na:na]
	at java.base/jdk.internal.reflect.NativeMethodAccessorImpl.invoke(NativeMethodAccessorImpl.java:62) ~[na:na]
	at java.base/jdk.internal.reflect.DelegatingMethodAccessorImpl.invoke(DelegatingMethodAccessorImpl.java:43) ~[na:na]
	at java.base/java.lang.reflect.Method.invoke(Method.java:566) ~[na:na]
	at org.springframework.web.method.support.InvocableHandlerMethod.doInvoke(InvocableHandlerMethod.java:190) ~[spring-web-5.2.3.RELEASE.jar:5.2.3.RELEASE]
	at org.springframework.web.method.support.InvocableHandlerMethod.invokeForRequest(InvocableHandlerMethod.java:138) ~[spring-web-5.2.3.RELEASE.jar:5.2.3.RELEASE]
	at org.springframework.web.servlet.mvc.method.annotation.ServletInvocableHandlerMethod.invokeAndHandle(ServletInvocableHandlerMethod.java:106) ~[spring-webmvc-5.2.3.RELEASE.jar:5.2.3.RELEASE]
	at org.springframework.web.servlet.mvc.method.annotation.RequestMappingHandlerAdapter.invokeHandlerMethod(RequestMappingHandlerAdapter.java:888) ~[spring-webmvc-5.2.3.RELEASE.jar:5.2.3.RELEASE]
	at org.springframework.web.servlet.mvc.method.annotation.RequestMappingHandlerAdapter.handleInternal(RequestMappingHandlerAdapter.java:793) ~[spring-webmvc-5.2.3.RELEASE.jar:5.2.3.RELEASE]
	at org.springframework.web.servlet.mvc.method.AbstractHandlerMethodAdapter.handle(AbstractHandlerMethodAdapter.java:87) ~[spring-webmvc-5.2.3.RELEASE.jar:5.2.3.RELEASE]
	at org.springframework.web.servlet.DispatcherServlet.doDispatch(DispatcherServlet.java:1040) ~[spring-webmvc-5.2.3.RELEASE.jar:5.2.3.RELEASE]
	at org.springframework.web.servlet.DispatcherServlet.doService(DispatcherServlet.java:943) ~[spring-webmvc-5.2.3.RELEASE.jar:5.2.3.RELEASE]
	at org.springframework.web.servlet.FrameworkServlet.processRequest(FrameworkServlet.java:1006) ~[spring-webmvc-5.2.3.RELEASE.jar:5.2.3.RELEASE]
	at org.springframework.web.servlet.FrameworkServlet.doPost(FrameworkServlet.java:909) ~[spring-webmvc-5.2.3.RELEASE.jar:5.2.3.RELEASE]
	at javax.servlet.http.HttpServlet.service(HttpServlet.java:660) ~[tomcat-embed-core-9.0.30.jar:9.0.30]
	at org.springframework.web.servlet.FrameworkServlet.service(FrameworkServlet.java:883) ~[spring-webmvc-5.2.3.RELEASE.jar:5.2.3.RELEASE]
	at javax.servlet.http.HttpServlet.service(HttpServlet.java:741) ~[tomcat-embed-core-9.0.30.jar:9.0.30]
	at org.apache.catalina.core.ApplicationFilterChain.internalDoFilter(ApplicationFilterChain.java:231) ~[tomcat-embed-core-9.0.30.jar:9.0.30]
	at org.apache.catalina.core.ApplicationFilterChain.doFilter(ApplicationFilterChain.java:166) ~[tomcat-embed-core-9.0.30.jar:9.0.30]
	at org.apache.tomcat.websocket.server.WsFilter.doFilter(WsFilter.java:53) ~[tomcat-embed-websocket-9.0.30.jar:9.0.30]
	at org.apache.catalina.core.ApplicationFilterChain.internalDoFilter(ApplicationFilterChain.java:193) ~[tomcat-embed-core-9.0.30.jar:9.0.30]
	at org.apache.catalina.core.ApplicationFilterChain.doFilter(ApplicationFilterChain.java:166) ~[tomcat-embed-core-9.0.30.jar:9.0.30]
	at org.springframework.web.filter.RequestContextFilter.doFilterInternal(RequestContextFilter.java:100) ~[spring-web-5.2.3.RELEASE.jar:5.2.3.RELEASE]
	at org.springframework.web.filter.OncePerRequestFilter.doFilter(OncePerRequestFilter.java:119) ~[spring-web-5.2.3.RELEASE.jar:5.2.3.RELEASE]
	at org.apache.catalina.core.ApplicationFilterChain.internalDoFilter(ApplicationFilterChain.java:193) ~[tomcat-embed-core-9.0.30.jar:9.0.30]
	at org.apache.catalina.core.ApplicationFilterChain.doFilter(ApplicationFilterChain.java:166) ~[tomcat-embed-core-9.0.30.jar:9.0.30]
	at org.springframework.web.filter.FormContentFilter.doFilterInternal(FormContentFilter.java:93) ~[spring-web-5.2.3.RELEASE.jar:5.2.3.RELEASE]
	at org.springframework.web.filter.OncePerRequestFilter.doFilter(OncePerRequestFilter.java:119) ~[spring-web-5.2.3.RELEASE.jar:5.2.3.RELEASE]
	at org.apache.catalina.core.ApplicationFilterChain.internalDoFilter(ApplicationFilterChain.java:193) ~[tomcat-embed-core-9.0.30.jar:9.0.30]
	at org.apache.catalina.core.ApplicationFilterChain.doFilter(ApplicationFilterChain.java:166) ~[tomcat-embed-core-9.0.30.jar:9.0.30]
	at org.springframework.web.filter.CharacterEncodingFilter.doFilterInternal(CharacterEncodingFilter.java:201) ~[spring-web-5.2.3.RELEASE.jar:5.2.3.RELEASE]
	at org.springframework.web.filter.OncePerRequestFilter.doFilter(OncePerRequestFilter.java:119) ~[spring-web-5.2.3.RELEASE.jar:5.2.3.RELEASE]
	at org.apache.catalina.core.ApplicationFilterChain.internalDoFilter(ApplicationFilterChain.java:193) ~[tomcat-embed-core-9.0.30.jar:9.0.30]
	at org.apache.catalina.core.ApplicationFilterChain.doFilter(ApplicationFilterChain.java:166) ~[tomcat-embed-core-9.0.30.jar:9.0.30]
	at org.apache.catalina.core.StandardWrapperValve.invoke(StandardWrapperValve.java:202) ~[tomcat-embed-core-9.0.30.jar:9.0.30]
	at org.apache.catalina.core.StandardContextValve.invoke(StandardContextValve.java:96) ~[tomcat-embed-core-9.0.30.jar:9.0.30]
	at org.apache.catalina.authenticator.AuthenticatorBase.invoke(AuthenticatorBase.java:541) ~[tomcat-embed-core-9.0.30.jar:9.0.30]
	at org.apache.catalina.core.StandardHostValve.invoke(StandardHostValve.java:139) ~[tomcat-embed-core-9.0.30.jar:9.0.30]
	at org.apache.catalina.valves.ErrorReportValve.invoke(ErrorReportValve.java:92) ~[tomcat-embed-core-9.0.30.jar:9.0.30]
	at org.apache.catalina.core.StandardEngineValve.invoke(StandardEngineValve.java:74) ~[tomcat-embed-core-9.0.30.jar:9.0.30]
	at org.apache.catalina.connector.CoyoteAdapter.service(CoyoteAdapter.java:343) ~[tomcat-embed-core-9.0.30.jar:9.0.30]
	at org.apache.coyote.http11.Http11Processor.service(Http11Processor.java:367) ~[tomcat-embed-core-9.0.30.jar:9.0.30]
	at org.apache.coyote.AbstractProcessorLight.process(AbstractProcessorLight.java:65) ~[tomcat-embed-core-9.0.30.jar:9.0.30]
	at org.apache.coyote.AbstractProtocol$ConnectionHandler.process(AbstractProtocol.java:860) ~[tomcat-embed-core-9.0.30.jar:9.0.30]
	at org.apache.tomcat.util.net.NioEndpoint$SocketProcessor.doRun(NioEndpoint.java:1598) ~[tomcat-embed-core-9.0.30.jar:9.0.30]
	at org.apache.tomcat.util.net.SocketProcessorBase.run(SocketProcessorBase.java:49) ~[tomcat-embed-core-9.0.30.jar:9.0.30]
	at java.base/java.util.concurrent.ThreadPoolExecutor.runWorker(ThreadPoolExecutor.java:1128) ~[na:na]
	at java.base/java.util.concurrent.ThreadPoolExecutor$Worker.run(ThreadPoolExecutor.java:628) ~[na:na]
	at org.apache.tomcat.util.threads.TaskThread$WrappingRunnable.run(TaskThread.java:61) ~[tomcat-embed-core-9.0.30.jar:9.0.30]
	at java.base/java.lang.Thread.run(Thread.java:834) ~[na:na]
Caused by: com.google.gson.JsonSyntaxException: com.google.gson.stream.MalformedJsonException: Use JsonReader.setLenient(true) to accept malformed JSON at line 1 column 25 path $
	at com.google.gson.JsonParser.parseReader(JsonParser.java:66) ~[gson-2.8.6.jar:na]
	at com.google.gson.JsonParser.parseString(JsonParser.java:47) ~[gson-2.8.6.jar:na]
	at com.sggc.app.util.GsonParser.parseUserGameList(GsonParser.java:43) ~[classes/:na]
	... 54 common frames omitted
Caused by: com.google.gson.stream.MalformedJsonException: Use JsonReader.setLenient(true) to accept malformed JSON at line 1 column 25 path $
	at com.google.gson.stream.JsonReader.syntaxError(JsonReader.java:1564) ~[gson-2.8.6.jar:na]
	at com.google.gson.stream.JsonReader.checkLenient(JsonReader.java:1405) ~[gson-2.8.6.jar:na]
	at com.google.gson.stream.JsonReader.doPeek(JsonReader.java:543) ~[gson-2.8.6.jar:na]
	at com.google.gson.stream.JsonReader.peek(JsonReader.java:426) ~[gson-2.8.6.jar:na]
	at com.google.gson.JsonParser.parseReader(JsonParser.java:61) ~[gson-2.8.6.jar:na]
	... 56 common frames omitted

2020-03-25 18:18:28.026  INFO 20288 --- [SpringContextShutdownHook] o.s.s.concurrent.ThreadPoolTaskExecutor  : Shutting down ExecutorService 'applicationTaskExecutor'
2020-03-25 18:18:28.048  INFO 20288 --- [SpringContextShutdownHook] org.mongodb.driver.connection            : Closed connection [connectionId{localValue:4, serverValue:1577150}] to sggc-cluster-shard-00-02-g1f6o.mongodb.net:27017 because the pool has been closed.
2020-03-25 18:18:28.050  INFO 20288 --- [SpringContextShutdownHook] j.LocalContainerEntityManagerFactoryBean : Closing JPA EntityManagerFactory for persistence unit 'default'
2020-03-25 18:18:28.051  INFO 20288 --- [SpringContextShutdownHook] .SchemaDropperImpl$DelayedDropActionImpl : HHH000477: Starting delayed evictData of schema as part of SessionFactory shut-down'
2020-03-25 18:18:28.053  INFO 20288 --- [SpringContextShutdownHook] com.zaxxer.hikari.HikariDataSource       : HikariPool-1 - Shutdown initiated...
2020-03-25 18:18:28.056  INFO 20288 --- [SpringContextShutdownHook] com.zaxxer.hikari.HikariDataSource       : HikariPool-1 - Shutdown completed.
2020-03-25 18:18:33.121  INFO 9008 --- [main] com.sggc.app.SteamGroupGamesApplication  : Starting SteamGroupGamesApplication on DESKTOP-EA0JH7O with PID 9008 (started by Toby Peel in C:\Users\Toby Peel\DEV\Java Projects\SteamGroupGameChecker)
2020-03-25 18:18:33.123  INFO 9008 --- [main] com.sggc.app.SteamGroupGamesApplication  : No active profile set, falling back to default profiles: default
2020-03-25 18:18:33.710  INFO 9008 --- [main] .s.d.r.c.RepositoryConfigurationDelegate : Multiple Spring Data modules found, entering strict repository configuration mode!
2020-03-25 18:18:33.711  INFO 9008 --- [main] .s.d.r.c.RepositoryConfigurationDelegate : Bootstrapping Spring Data JPA repositories in DEFAULT mode.
2020-03-25 18:18:33.743  INFO 9008 --- [main] .RepositoryConfigurationExtensionSupport : Spring Data JPA - Could not safely identify store assignment for repository candidate interface com.sggc.app.repository.GameRepository. If you want this repository to be a JPA repository, consider annotating your entities with one of these annotations: javax.persistence.Entity, javax.persistence.MappedSuperclass (preferred), or consider extending one of the following types with your repository: org.springframework.data.jpa.repository.JpaRepository.
2020-03-25 18:18:33.745  INFO 9008 --- [main] .RepositoryConfigurationExtensionSupport : Spring Data JPA - Could not safely identify store assignment for repository candidate interface com.sggc.app.repository.UserRepository. If you want this repository to be a JPA repository, consider annotating your entities with one of these annotations: javax.persistence.Entity, javax.persistence.MappedSuperclass (preferred), or consider extending one of the following types with your repository: org.springframework.data.jpa.repository.JpaRepository.
2020-03-25 18:18:33.746  INFO 9008 --- [main] .s.d.r.c.RepositoryConfigurationDelegate : Finished Spring Data repository scanning in 30ms. Found 0 JPA repository interfaces.
2020-03-25 18:18:33.762  INFO 9008 --- [main] .s.d.r.c.RepositoryConfigurationDelegate : Multiple Spring Data modules found, entering strict repository configuration mode!
2020-03-25 18:18:33.762  INFO 9008 --- [main] .s.d.r.c.RepositoryConfigurationDelegate : Bootstrapping Spring Data MongoDB repositories in DEFAULT mode.
2020-03-25 18:18:33.787  INFO 9008 --- [main] .s.d.r.c.RepositoryConfigurationDelegate : Finished Spring Data repository scanning in 25ms. Found 2 MongoDB repository interfaces.
2020-03-25 18:18:33.970  INFO 9008 --- [main] trationDelegate$BeanPostProcessorChecker : Bean 'org.springframework.transaction.annotation.ProxyTransactionManagementConfiguration' of type [org.springframework.transaction.annotation.ProxyTransactionManagementConfiguration] is not eligible for getting processed by all BeanPostProcessors (for example: not eligible for auto-proxying)
2020-03-25 18:18:34.143  INFO 9008 --- [main] o.s.b.w.embedded.tomcat.TomcatWebServer  : Tomcat initialized with port(s): 8020 (http)
2020-03-25 18:18:34.149  INFO 9008 --- [main] o.apache.catalina.core.StandardService   : Starting service [Tomcat]
2020-03-25 18:18:34.149  INFO 9008 --- [main] org.apache.catalina.core.StandardEngine  : Starting Servlet engine: [Apache Tomcat/9.0.30]
2020-03-25 18:18:34.235  INFO 9008 --- [main] o.a.c.c.C.[Tomcat].[localhost].[/]       : Initializing Spring embedded WebApplicationContext
2020-03-25 18:18:34.235  INFO 9008 --- [main] o.s.web.context.ContextLoader            : Root WebApplicationContext: initialization completed in 1082 ms
2020-03-25 18:18:34.306  INFO 9008 --- [main] com.zaxxer.hikari.HikariDataSource       : HikariPool-1 - Starting...
2020-03-25 18:18:34.371  INFO 9008 --- [main] com.zaxxer.hikari.HikariDataSource       : HikariPool-1 - Start completed.
2020-03-25 18:18:34.403  INFO 9008 --- [main] o.hibernate.jpa.internal.util.LogHelper  : HHH000204: Processing PersistenceUnitInfo [name: default]
2020-03-25 18:18:34.446  INFO 9008 --- [main] org.hibernate.Version                    : HHH000412: Hibernate Core {5.4.10.Final}
2020-03-25 18:18:34.523  INFO 9008 --- [main] o.hibernate.annotations.common.Version   : HCANN000001: Hibernate Commons Annotations {5.1.0.Final}
2020-03-25 18:18:34.594  INFO 9008 --- [main] org.hibernate.dialect.Dialect            : HHH000400: Using dialect: org.hibernate.dialect.H2Dialect
2020-03-25 18:18:34.724  INFO 9008 --- [main] o.h.e.t.j.p.i.JtaPlatformInitiator       : HHH000490: Using JtaPlatform implementation: [org.hibernate.engine.transaction.jta.platform.internal.NoJtaPlatform]
2020-03-25 18:18:34.728  INFO 9008 --- [main] j.LocalContainerEntityManagerFactoryBean : Initialized JPA EntityManagerFactory for persistence unit 'default'
2020-03-25 18:18:34.910  INFO 9008 --- [main] org.mongodb.driver.cluster               : Cluster created with settings {hosts=[127.0.0.1:27017], srvHost=sggc-cluster-g1f6o.mongodb.net, mode=MULTIPLE, requiredClusterType=REPLICA_SET, serverSelectionTimeout='30000 ms', maxWaitQueueSize=500, requiredReplicaSetName='SGGC-Cluster-shard-0'}
2020-03-25 18:18:34.934  INFO 9008 --- [cluster-ClusterId{value='5e7ba07a417cc57c48b2fb11', description='null'}-srv-sggc-cluster-g1f6o.mongodb.net] org.mongodb.driver.cluster               : Adding discovered server sggc-cluster-shard-00-00-g1f6o.mongodb.net:27017 to client view of cluster
2020-03-25 18:18:34.955  INFO 9008 --- [cluster-ClusterId{value='5e7ba07a417cc57c48b2fb11', description='null'}-srv-sggc-cluster-g1f6o.mongodb.net] org.mongodb.driver.cluster               : Adding discovered server sggc-cluster-shard-00-01-g1f6o.mongodb.net:27017 to client view of cluster
2020-03-25 18:18:34.955  INFO 9008 --- [cluster-ClusterId{value='5e7ba07a417cc57c48b2fb11', description='null'}-srv-sggc-cluster-g1f6o.mongodb.net] org.mongodb.driver.cluster               : Adding discovered server sggc-cluster-shard-00-02-g1f6o.mongodb.net:27017 to client view of cluster
2020-03-25 18:18:35.253  INFO 9008 --- [cluster-ClusterId{value='5e7ba07a417cc57c48b2fb11', description='null'}-sggc-cluster-shard-00-01-g1f6o.mongodb.net:27017] org.mongodb.driver.connection            : Opened connection [connectionId{localValue:3, serverValue:512529}] to sggc-cluster-shard-00-01-g1f6o.mongodb.net:27017
2020-03-25 18:18:35.253  INFO 9008 --- [cluster-ClusterId{value='5e7ba07a417cc57c48b2fb11', description='null'}-sggc-cluster-shard-00-02-g1f6o.mongodb.net:27017] org.mongodb.driver.connection            : Opened connection [connectionId{localValue:1, serverValue:1577015}] to sggc-cluster-shard-00-02-g1f6o.mongodb.net:27017
2020-03-25 18:18:35.255  INFO 9008 --- [cluster-ClusterId{value='5e7ba07a417cc57c48b2fb11', description='null'}-sggc-cluster-shard-00-00-g1f6o.mongodb.net:27017] org.mongodb.driver.connection            : Opened connection [connectionId{localValue:2, serverValue:516346}] to sggc-cluster-shard-00-00-g1f6o.mongodb.net:27017
2020-03-25 18:18:35.277  INFO 9008 --- [cluster-ClusterId{value='5e7ba07a417cc57c48b2fb11', description='null'}-sggc-cluster-shard-00-01-g1f6o.mongodb.net:27017] org.mongodb.driver.cluster               : Monitor thread successfully connected to server with description ServerDescription{address=sggc-cluster-shard-00-01-g1f6o.mongodb.net:27017, type=REPLICA_SET_SECONDARY, state=CONNECTED, ok=true, version=ServerVersion{versionList=[4, 2, 3]}, minWireVersion=0, maxWireVersion=8, maxDocumentSize=16777216, logicalSessionTimeoutMinutes=30, roundTripTimeNanos=22585600, setName='SGGC-Cluster-shard-0', canonicalAddress=sggc-cluster-shard-00-01-g1f6o.mongodb.net:27017, hosts=[sggc-cluster-shard-00-00-g1f6o.mongodb.net:27017, sggc-cluster-shard-00-01-g1f6o.mongodb.net:27017, sggc-cluster-shard-00-02-g1f6o.mongodb.net:27017], passives=[], arbiters=[], primary='sggc-cluster-shard-00-02-g1f6o.mongodb.net:27017', tagSet=TagSet{[Tag{name='nodeType', value='ELECTABLE'}, Tag{name='provider', value='AWS'}, Tag{name='region', value='EU_WEST_1'}]}, electionId=null, setVersion=2, lastWriteDate=Wed Mar 25 18:18:31 GMT 2020, lastUpdateTimeNanos=168273294741900}
2020-03-25 18:18:35.278  INFO 9008 --- [cluster-ClusterId{value='5e7ba07a417cc57c48b2fb11', description='null'}-sggc-cluster-shard-00-00-g1f6o.mongodb.net:27017] org.mongodb.driver.cluster               : Monitor thread successfully connected to server with description ServerDescription{address=sggc-cluster-shard-00-00-g1f6o.mongodb.net:27017, type=REPLICA_SET_SECONDARY, state=CONNECTED, ok=true, version=ServerVersion{versionList=[4, 2, 3]}, minWireVersion=0, maxWireVersion=8, maxDocumentSize=16777216, logicalSessionTimeoutMinutes=30, roundTripTimeNanos=22710500, setName='SGGC-Cluster-shard-0', canonicalAddress=sggc-cluster-shard-00-00-g1f6o.mongodb.net:27017, hosts=[sggc-cluster-shard-00-00-g1f6o.mongodb.net:27017, sggc-cluster-shard-00-01-g1f6o.mongodb.net:27017, sggc-cluster-shard-00-02-g1f6o.mongodb.net:27017], passives=[], arbiters=[], primary='sggc-cluster-shard-00-02-g1f6o.mongodb.net:27017', tagSet=TagSet{[Tag{name='nodeType', value='ELECTABLE'}, Tag{name='provider', value='AWS'}, Tag{name='region', value='EU_WEST_1'}]}, electionId=null, setVersion=2, lastWriteDate=Wed Mar 25 18:18:31 GMT 2020, lastUpdateTimeNanos=168273296382800}
2020-03-25 18:18:35.278  INFO 9008 --- [cluster-ClusterId{value='5e7ba07a417cc57c48b2fb11', description='null'}-sggc-cluster-shard-00-02-g1f6o.mongodb.net:27017] org.mongodb.driver.cluster               : Monitor thread successfully connected to server with description ServerDescription{address=sggc-cluster-shard-00-02-g1f6o.mongodb.net:27017, type=REPLICA_SET_PRIMARY, state=CONNECTED, ok=true, version=ServerVersion{versionList=[4, 2, 3]}, minWireVersion=0, maxWireVersion=8, maxDocumentSize=16777216, logicalSessionTimeoutMinutes=30, roundTripTimeNanos=24225400, setName='SGGC-Cluster-shard-0', canonicalAddress=sggc-cluster-shard-00-02-g1f6o.mongodb.net:27017, hosts=[sggc-cluster-shard-00-00-g1f6o.mongodb.net:27017, sggc-cluster-shard-00-01-g1f6o.mongodb.net:27017, sggc-cluster-shard-00-02-g1f6o.mongodb.net:27017], passives=[], arbiters=[], primary='sggc-cluster-shard-00-02-g1f6o.mongodb.net:27017', tagSet=TagSet{[Tag{name='nodeType', value='ELECTABLE'}, Tag{name='provider', value='AWS'}, Tag{name='region', value='EU_WEST_1'}]}, electionId=7fffffff000000000000000d, setVersion=2, lastWriteDate=Wed Mar 25 18:18:31 GMT 2020, lastUpdateTimeNanos=168273296432400}
2020-03-25 18:18:35.278  INFO 9008 --- [cluster-ClusterId{value='5e7ba07a417cc57c48b2fb11', description='null'}-sggc-cluster-shard-00-02-g1f6o.mongodb.net:27017] org.mongodb.driver.cluster               : Setting max election id to 7fffffff000000000000000d from replica set primary sggc-cluster-shard-00-02-g1f6o.mongodb.net:27017
2020-03-25 18:18:35.278  INFO 9008 --- [cluster-ClusterId{value='5e7ba07a417cc57c48b2fb11', description='null'}-sggc-cluster-shard-00-02-g1f6o.mongodb.net:27017] org.mongodb.driver.cluster               : Setting max set version to 2 from replica set primary sggc-cluster-shard-00-02-g1f6o.mongodb.net:27017
2020-03-25 18:18:35.279  INFO 9008 --- [cluster-ClusterId{value='5e7ba07a417cc57c48b2fb11', description='null'}-sggc-cluster-shard-00-02-g1f6o.mongodb.net:27017] org.mongodb.driver.cluster               : Discovered replica set primary sggc-cluster-shard-00-02-g1f6o.mongodb.net:27017
2020-03-25 18:18:35.339  WARN 9008 --- [main] JpaBaseConfiguration$JpaWebConfiguration : spring.jpa.open-in-view is enabled by default. Therefore, database queries may be performed during view rendering. Explicitly configure spring.jpa.open-in-view to disable this warning
2020-03-25 18:18:35.415  INFO 9008 --- [main] pertySourcedRequestMappingHandlerMapping : Mapped URL path [/v2/api-docs] onto method [springfox.documentation.swagger2.web.Swagger2Controller#getDocumentation(String, HttpServletRequest)]
2020-03-25 18:18:35.483  INFO 9008 --- [main] o.s.s.concurrent.ThreadPoolTaskExecutor  : Initializing ExecutorService 'applicationTaskExecutor'
2020-03-25 18:18:35.601  INFO 9008 --- [main] d.s.w.p.DocumentationPluginsBootstrapper : Context refreshed
2020-03-25 18:18:35.609  INFO 9008 --- [main] d.s.w.p.DocumentationPluginsBootstrapper : Found 1 custom documentation plugin(s)
2020-03-25 18:18:35.628  INFO 9008 --- [main] s.d.s.w.s.ApiListingReferenceScanner     : Scanning for api listing references
2020-03-25 18:18:35.660  INFO 9008 --- [main] o.s.b.w.embedded.tomcat.TomcatWebServer  : Tomcat started on port(s): 8020 (http) with context path ''
2020-03-25 18:18:35.662  INFO 9008 --- [main] com.sggc.app.SteamGroupGamesApplication  : Started SteamGroupGamesApplication in 2.864 seconds (JVM running for 3.657)
2020-03-25 18:18:37.642  INFO 9008 --- [http-nio-8020-exec-1] o.a.c.c.C.[Tomcat].[localhost].[/]       : Initializing Spring DispatcherServlet 'dispatcherServlet'
2020-03-25 18:18:37.643  INFO 9008 --- [http-nio-8020-exec-1] o.s.web.servlet.DispatcherServlet        : Initializing Servlet 'dispatcherServlet'
2020-03-25 18:18:37.648  INFO 9008 --- [http-nio-8020-exec-1] o.s.web.servlet.DispatcherServlet        : Completed initialization in 5 ms
2020-03-25 18:18:37.969  INFO 9008 --- [http-nio-8020-exec-1] org.mongodb.driver.connection            : Opened connection [connectionId{localValue:4, serverValue:1577150}] to sggc-cluster-shard-00-02-g1f6o.mongodb.net:27017
2020-03-25 18:18:38.439 ERROR 9008 --- [http-nio-8020-exec-1] c.s.app.controller.SGGCControllerAdvice  : ERROR:

java.io.IOException: Error when parsing response string into Json Object
	at com.sggc.app.util.GsonParser.parseResponseStringToJson(GsonParser.java:93) ~[classes/:na]
	at com.sggc.app.util.GsonParser.parseUserGameList(GsonParser.java:40) ~[classes/:na]
	at com.sggc.app.controller.SGGCController.getUsersOwnedGameIds(SGGCController.java:111) ~[classes/:na]
	at com.sggc.app.controller.SGGCController.findUsersGameIdsById(SGGCController.java:126) ~[classes/:na]
	at com.sggc.app.controller.SGGCController.getIdsOfGamesOwnedByAllUsers(SGGCController.java:97) ~[classes/:na]
	at com.sggc.app.controller.SGGCController.getGamesAllUsersOwn(SGGCController.java:44) ~[classes/:na]
	at java.base/jdk.internal.reflect.NativeMethodAccessorImpl.invoke0(Native Method) ~[na:na]
	at java.base/jdk.internal.reflect.NativeMethodAccessorImpl.invoke(NativeMethodAccessorImpl.java:62) ~[na:na]
	at java.base/jdk.internal.reflect.DelegatingMethodAccessorImpl.invoke(DelegatingMethodAccessorImpl.java:43) ~[na:na]
	at java.base/java.lang.reflect.Method.invoke(Method.java:566) ~[na:na]
	at org.springframework.web.method.support.InvocableHandlerMethod.doInvoke(InvocableHandlerMethod.java:190) ~[spring-web-5.2.3.RELEASE.jar:5.2.3.RELEASE]
	at org.springframework.web.method.support.InvocableHandlerMethod.invokeForRequest(InvocableHandlerMethod.java:138) ~[spring-web-5.2.3.RELEASE.jar:5.2.3.RELEASE]
	at org.springframework.web.servlet.mvc.method.annotation.ServletInvocableHandlerMethod.invokeAndHandle(ServletInvocableHandlerMethod.java:106) ~[spring-webmvc-5.2.3.RELEASE.jar:5.2.3.RELEASE]
	at org.springframework.web.servlet.mvc.method.annotation.RequestMappingHandlerAdapter.invokeHandlerMethod(RequestMappingHandlerAdapter.java:888) ~[spring-webmvc-5.2.3.RELEASE.jar:5.2.3.RELEASE]
	at org.springframework.web.servlet.mvc.method.annotation.RequestMappingHandlerAdapter.handleInternal(RequestMappingHandlerAdapter.java:793) ~[spring-webmvc-5.2.3.RELEASE.jar:5.2.3.RELEASE]
	at org.springframework.web.servlet.mvc.method.AbstractHandlerMethodAdapter.handle(AbstractHandlerMethodAdapter.java:87) ~[spring-webmvc-5.2.3.RELEASE.jar:5.2.3.RELEASE]
	at org.springframework.web.servlet.DispatcherServlet.doDispatch(DispatcherServlet.java:1040) ~[spring-webmvc-5.2.3.RELEASE.jar:5.2.3.RELEASE]
	at org.springframework.web.servlet.DispatcherServlet.doService(DispatcherServlet.java:943) ~[spring-webmvc-5.2.3.RELEASE.jar:5.2.3.RELEASE]
	at org.springframework.web.servlet.FrameworkServlet.processRequest(FrameworkServlet.java:1006) ~[spring-webmvc-5.2.3.RELEASE.jar:5.2.3.RELEASE]
	at org.springframework.web.servlet.FrameworkServlet.doPost(FrameworkServlet.java:909) ~[spring-webmvc-5.2.3.RELEASE.jar:5.2.3.RELEASE]
	at javax.servlet.http.HttpServlet.service(HttpServlet.java:660) ~[tomcat-embed-core-9.0.30.jar:9.0.30]
	at org.springframework.web.servlet.FrameworkServlet.service(FrameworkServlet.java:883) ~[spring-webmvc-5.2.3.RELEASE.jar:5.2.3.RELEASE]
	at javax.servlet.http.HttpServlet.service(HttpServlet.java:741) ~[tomcat-embed-core-9.0.30.jar:9.0.30]
	at org.apache.catalina.core.ApplicationFilterChain.internalDoFilter(ApplicationFilterChain.java:231) ~[tomcat-embed-core-9.0.30.jar:9.0.30]
	at org.apache.catalina.core.ApplicationFilterChain.doFilter(ApplicationFilterChain.java:166) ~[tomcat-embed-core-9.0.30.jar:9.0.30]
	at org.apache.tomcat.websocket.server.WsFilter.doFilter(WsFilter.java:53) ~[tomcat-embed-websocket-9.0.30.jar:9.0.30]
	at org.apache.catalina.core.ApplicationFilterChain.internalDoFilter(ApplicationFilterChain.java:193) ~[tomcat-embed-core-9.0.30.jar:9.0.30]
	at org.apache.catalina.core.ApplicationFilterChain.doFilter(ApplicationFilterChain.java:166) ~[tomcat-embed-core-9.0.30.jar:9.0.30]
	at org.springframework.web.filter.RequestContextFilter.doFilterInternal(RequestContextFilter.java:100) ~[spring-web-5.2.3.RELEASE.jar:5.2.3.RELEASE]
	at org.springframework.web.filter.OncePerRequestFilter.doFilter(OncePerRequestFilter.java:119) ~[spring-web-5.2.3.RELEASE.jar:5.2.3.RELEASE]
	at org.apache.catalina.core.ApplicationFilterChain.internalDoFilter(ApplicationFilterChain.java:193) ~[tomcat-embed-core-9.0.30.jar:9.0.30]
	at org.apache.catalina.core.ApplicationFilterChain.doFilter(ApplicationFilterChain.java:166) ~[tomcat-embed-core-9.0.30.jar:9.0.30]
	at org.springframework.web.filter.FormContentFilter.doFilterInternal(FormContentFilter.java:93) ~[spring-web-5.2.3.RELEASE.jar:5.2.3.RELEASE]
	at org.springframework.web.filter.OncePerRequestFilter.doFilter(OncePerRequestFilter.java:119) ~[spring-web-5.2.3.RELEASE.jar:5.2.3.RELEASE]
	at org.apache.catalina.core.ApplicationFilterChain.internalDoFilter(ApplicationFilterChain.java:193) ~[tomcat-embed-core-9.0.30.jar:9.0.30]
	at org.apache.catalina.core.ApplicationFilterChain.doFilter(ApplicationFilterChain.java:166) ~[tomcat-embed-core-9.0.30.jar:9.0.30]
	at org.springframework.web.filter.CharacterEncodingFilter.doFilterInternal(CharacterEncodingFilter.java:201) ~[spring-web-5.2.3.RELEASE.jar:5.2.3.RELEASE]
	at org.springframework.web.filter.OncePerRequestFilter.doFilter(OncePerRequestFilter.java:119) ~[spring-web-5.2.3.RELEASE.jar:5.2.3.RELEASE]
	at org.apache.catalina.core.ApplicationFilterChain.internalDoFilter(ApplicationFilterChain.java:193) ~[tomcat-embed-core-9.0.30.jar:9.0.30]
	at org.apache.catalina.core.ApplicationFilterChain.doFilter(ApplicationFilterChain.java:166) ~[tomcat-embed-core-9.0.30.jar:9.0.30]
	at org.apache.catalina.core.StandardWrapperValve.invoke(StandardWrapperValve.java:202) ~[tomcat-embed-core-9.0.30.jar:9.0.30]
	at org.apache.catalina.core.StandardContextValve.invoke(StandardContextValve.java:96) ~[tomcat-embed-core-9.0.30.jar:9.0.30]
	at org.apache.catalina.authenticator.AuthenticatorBase.invoke(AuthenticatorBase.java:541) ~[tomcat-embed-core-9.0.30.jar:9.0.30]
	at org.apache.catalina.core.StandardHostValve.invoke(StandardHostValve.java:139) ~[tomcat-embed-core-9.0.30.jar:9.0.30]
	at org.apache.catalina.valves.ErrorReportValve.invoke(ErrorReportValve.java:92) ~[tomcat-embed-core-9.0.30.jar:9.0.30]
	at org.apache.catalina.core.StandardEngineValve.invoke(StandardEngineValve.java:74) ~[tomcat-embed-core-9.0.30.jar:9.0.30]
	at org.apache.catalina.connector.CoyoteAdapter.service(CoyoteAdapter.java:343) ~[tomcat-embed-core-9.0.30.jar:9.0.30]
	at org.apache.coyote.http11.Http11Processor.service(Http11Processor.java:367) ~[tomcat-embed-core-9.0.30.jar:9.0.30]
	at org.apache.coyote.AbstractProcessorLight.process(AbstractProcessorLight.java:65) ~[tomcat-embed-core-9.0.30.jar:9.0.30]
	at org.apache.coyote.AbstractProtocol$ConnectionHandler.process(AbstractProtocol.java:860) ~[tomcat-embed-core-9.0.30.jar:9.0.30]
	at org.apache.tomcat.util.net.NioEndpoint$SocketProcessor.doRun(NioEndpoint.java:1598) ~[tomcat-embed-core-9.0.30.jar:9.0.30]
	at org.apache.tomcat.util.net.SocketProcessorBase.run(SocketProcessorBase.java:49) ~[tomcat-embed-core-9.0.30.jar:9.0.30]
	at java.base/java.util.concurrent.ThreadPoolExecutor.runWorker(ThreadPoolExecutor.java:1128) ~[na:na]
	at java.base/java.util.concurrent.ThreadPoolExecutor$Worker.run(ThreadPoolExecutor.java:628) ~[na:na]
	at org.apache.tomcat.util.threads.TaskThread$WrappingRunnable.run(TaskThread.java:61) ~[tomcat-embed-core-9.0.30.jar:9.0.30]
	at java.base/java.lang.Thread.run(Thread.java:834) ~[na:na]
Caused by: com.google.gson.JsonSyntaxException: com.google.gson.stream.MalformedJsonException: Use JsonReader.setLenient(true) to accept malformed JSON at line 1 column 25 path $
	at com.google.gson.JsonParser.parseReader(JsonParser.java:66) ~[gson-2.8.6.jar:na]
	at com.google.gson.JsonParser.parseString(JsonParser.java:47) ~[gson-2.8.6.jar:na]
	at com.sggc.app.util.GsonParser.parseResponseStringToJson(GsonParser.java:90) ~[classes/:na]
	... 55 common frames omitted
Caused by: com.google.gson.stream.MalformedJsonException: Use JsonReader.setLenient(true) to accept malformed JSON at line 1 column 25 path $
	at com.google.gson.stream.JsonReader.syntaxError(JsonReader.java:1564) ~[gson-2.8.6.jar:na]
	at com.google.gson.stream.JsonReader.checkLenient(JsonReader.java:1405) ~[gson-2.8.6.jar:na]
	at com.google.gson.stream.JsonReader.doPeek(JsonReader.java:543) ~[gson-2.8.6.jar:na]
	at com.google.gson.stream.JsonReader.peek(JsonReader.java:426) ~[gson-2.8.6.jar:na]
	at com.google.gson.JsonParser.parseReader(JsonParser.java:61) ~[gson-2.8.6.jar:na]
	... 57 common frames omitted

